21:11:44 DEBUG : Logs will be stored at 'E:/USN_Education/VitisCode/BubbleSort/vitis/IDE.log'.
21:11:48 INFO  : Launching XSCT server: xsct.bat -n  -interactive E:\USN_Education\VitisCode\BubbleSort\vitis\temp_xsdb_launch_script.tcl
21:11:49 INFO  : Registering command handlers for Vitis TCF services
21:11:53 INFO  : Platform repository initialization has completed.
21:11:57 INFO  : XSCT server has started successfully.
21:12:03 INFO  : Successfully done setting XSCT server connection channel  
21:12:03 INFO  : plnx-install-location is set to ''
21:12:04 INFO  : Successfully done query RDI_DATADIR 
21:12:04 INFO  : Successfully done setting workspace for the tool. 
21:19:17 INFO  : Result from executing command 'getProjects': BubbleSort_Platform
21:19:17 INFO  : Result from executing command 'getPlatforms': xilinx_vck190_base_202220_1|D:/Software/Embeded/xilinx/Vitis/2022.2/base_platforms/xilinx_vck190_base_202220_1/xilinx_vck190_base_202220_1.xpfm;xilinx_vck190_base_dfx_202220_1|D:/Software/Embeded/xilinx/Vitis/2022.2/base_platforms/xilinx_vck190_base_dfx_202220_1/xilinx_vck190_base_dfx_202220_1.xpfm;xilinx_vmk180_base_202220_1|D:/Software/Embeded/xilinx/Vitis/2022.2/base_platforms/xilinx_vmk180_base_202220_1/xilinx_vmk180_base_202220_1.xpfm;xilinx_zcu102_base_202220_1|D:/Software/Embeded/xilinx/Vitis/2022.2/base_platforms/xilinx_zcu102_base_202220_1/xilinx_zcu102_base_202220_1.xpfm;xilinx_zcu102_base_dfx_202220_1|D:/Software/Embeded/xilinx/Vitis/2022.2/base_platforms/xilinx_zcu102_base_dfx_202220_1/xilinx_zcu102_base_dfx_202220_1.xpfm;xilinx_zcu104_base_202220_1|D:/Software/Embeded/xilinx/Vitis/2022.2/base_platforms/xilinx_zcu104_base_202220_1/xilinx_zcu104_base_202220_1.xpfm
21:20:21 INFO  : Result from executing command 'getProjects': BubbleSort_Platform
21:20:21 INFO  : Result from executing command 'getPlatforms': BubbleSort_Platform|E:/USN_Education/VitisCode/BubbleSort/vitis/BubbleSort_Platform/export/BubbleSort_Platform/BubbleSort_Platform.xpfm;xilinx_vck190_base_202220_1|D:/Software/Embeded/xilinx/Vitis/2022.2/base_platforms/xilinx_vck190_base_202220_1/xilinx_vck190_base_202220_1.xpfm;xilinx_vck190_base_dfx_202220_1|D:/Software/Embeded/xilinx/Vitis/2022.2/base_platforms/xilinx_vck190_base_dfx_202220_1/xilinx_vck190_base_dfx_202220_1.xpfm;xilinx_vmk180_base_202220_1|D:/Software/Embeded/xilinx/Vitis/2022.2/base_platforms/xilinx_vmk180_base_202220_1/xilinx_vmk180_base_202220_1.xpfm;xilinx_zcu102_base_202220_1|D:/Software/Embeded/xilinx/Vitis/2022.2/base_platforms/xilinx_zcu102_base_202220_1/xilinx_zcu102_base_202220_1.xpfm;xilinx_zcu102_base_dfx_202220_1|D:/Software/Embeded/xilinx/Vitis/2022.2/base_platforms/xilinx_zcu102_base_dfx_202220_1/xilinx_zcu102_base_dfx_202220_1.xpfm;xilinx_zcu104_base_202220_1|D:/Software/Embeded/xilinx/Vitis/2022.2/base_platforms/xilinx_zcu104_base_202220_1/xilinx_zcu104_base_202220_1.xpfm
21:26:19 INFO  : Checking for BSP changes to sync application flags for project 'BubbleSortApplication'...
21:26:33 INFO  : Checking for BSP changes to sync application flags for project 'BubbleSortApplication'...
21:26:44 INFO  : Checking for BSP changes to sync application flags for project 'BubbleSortApplication'...
21:28:46 INFO  : Checking for BSP changes to sync application flags for project 'BubbleSortApplication'...
21:29:26 INFO  : Checking for BSP changes to sync application flags for project 'BubbleSortApplication'...
22:03:33 INFO  : Checking for BSP changes to sync application flags for project 'BubbleSortApplication'...
22:05:15 INFO  : Checking for BSP changes to sync application flags for project 'BubbleSortApplication'...
22:14:58 INFO  : Checking for BSP changes to sync application flags for project 'BubbleSortApplication'...
22:26:40 INFO  : Checking for BSP changes to sync application flags for project 'BubbleSortApplication'...
22:28:54 INFO  : Checking for BSP changes to sync application flags for project 'BubbleSortApplication'...
22:29:55 INFO  : Checking for BSP changes to sync application flags for project 'BubbleSortApplication'...
22:31:02 INFO  : Checking for BSP changes to sync application flags for project 'BubbleSortApplication'...
22:36:58 INFO  : Checking for BSP changes to sync application flags for project 'BubbleSortApplication'...
22:38:17 INFO  : Checking for BSP changes to sync application flags for project 'BubbleSortApplication'...
22:38:54 INFO  : Checking for BSP changes to sync application flags for project 'BubbleSortApplication'...
22:40:18 INFO  : Checking for BSP changes to sync application flags for project 'BubbleSortApplication'...
22:40:38 INFO  : Checking for BSP changes to sync application flags for project 'BubbleSortApplication'...
22:41:02 INFO  : Checking for BSP changes to sync application flags for project 'BubbleSortApplication'...
22:47:26 INFO  : Checking for BSP changes to sync application flags for project 'BubbleSortApplication'...
22:47:45 INFO  : Checking for BSP changes to sync application flags for project 'BubbleSortApplication'...
22:48:33 INFO  : Checking for BSP changes to sync application flags for project 'BubbleSortApplication'...
22:48:53 INFO  : Checking for BSP changes to sync application flags for project 'BubbleSortApplication'...
22:49:28 INFO  : Checking for BSP changes to sync application flags for project 'BubbleSortApplication'...
23:12:27 INFO  : Connected to target on host '127.0.0.1' and port '3121'.
23:12:27 INFO  : Jtag cable 'Digilent Zybo 210279652014A' is selected.
23:12:27 INFO  : 'jtag frequency' command is executed.
23:12:27 INFO  : Context for 'APU' is selected.
23:12:27 INFO  : System reset is completed.
23:12:30 INFO  : 'after 3000' command is executed.
23:12:31 INFO  : 'targets -set -filter {jtag_cable_name =~ "Digilent Zybo 210279652014A" && level==0 && jtag_device_ctx=="jsn-Zybo-210279652014A-13722093-0"}' command is executed.
23:12:32 INFO  : Device configured successfully with "E:/USN_Education/VitisCode/BubbleSort/vitis/BubbleSortApplication/_ide/bitstream/bubble_Sort_Design_wrapper.bit"
23:12:32 INFO  : Context for 'APU' is selected.
23:12:32 INFO  : Hardware design and registers information is loaded from 'E:/USN_Education/VitisCode/BubbleSort/vitis/BubbleSort_Platform/export/BubbleSort_Platform/hw/bubble_Sort_Design_wrapper.xsa'.
23:12:32 INFO  : 'configparams force-mem-access 1' command is executed.
23:12:32 INFO  : Context for 'APU' is selected.
23:12:32 INFO  : Sourcing of 'E:/USN_Education/VitisCode/BubbleSort/vitis/BubbleSortApplication/_ide/psinit/ps7_init.tcl' is done.
23:12:33 INFO  : 'ps7_init' command is executed.
23:12:33 INFO  : 'ps7_post_config' command is executed.
23:12:33 INFO  : Context for processor 'ps7_cortexa9_0' is selected.
23:12:33 INFO  : The application 'E:/USN_Education/VitisCode/BubbleSort/vitis/BubbleSortApplication/Debug/BubbleSortApplication.elf' is downloaded to processor 'ps7_cortexa9_0'.
23:12:33 INFO  : 'configparams force-mem-access 0' command is executed.
23:12:33 INFO  : ----------------XSDB Script----------------
connect -url tcp:127.0.0.1:3121
targets -set -nocase -filter {name =~"APU*"}
rst -system
after 3000
targets -set -filter {jtag_cable_name =~ "Digilent Zybo 210279652014A" && level==0 && jtag_device_ctx=="jsn-Zybo-210279652014A-13722093-0"}
fpga -file E:/USN_Education/VitisCode/BubbleSort/vitis/BubbleSortApplication/_ide/bitstream/bubble_Sort_Design_wrapper.bit
targets -set -nocase -filter {name =~"APU*"}
loadhw -hw E:/USN_Education/VitisCode/BubbleSort/vitis/BubbleSort_Platform/export/BubbleSort_Platform/hw/bubble_Sort_Design_wrapper.xsa -mem-ranges [list {0x40000000 0xbfffffff}] -regs
configparams force-mem-access 1
targets -set -nocase -filter {name =~"APU*"}
source E:/USN_Education/VitisCode/BubbleSort/vitis/BubbleSortApplication/_ide/psinit/ps7_init.tcl
ps7_init
ps7_post_config
targets -set -nocase -filter {name =~ "*A9*#0"}
dow E:/USN_Education/VitisCode/BubbleSort/vitis/BubbleSortApplication/Debug/BubbleSortApplication.elf
configparams force-mem-access 0
----------------End of Script----------------

23:12:33 INFO  : Context for processor 'ps7_cortexa9_0' is selected.
23:12:33 INFO  : 'con' command is executed.
23:12:33 INFO  : ----------------XSDB Script (After Launch)----------------
targets -set -nocase -filter {name =~ "*A9*#0"}
con
----------------End of Script----------------

23:12:33 INFO  : Launch script is exported to file 'E:\USN_Education\VitisCode\BubbleSort\vitis\BubbleSortApplication_system\_ide\scripts\systemdebugger_bubblesortapplication_system_standalone.tcl'
23:17:41 INFO  : Disconnected from the channel tcfchan#5.
23:17:41 INFO  : Connected to target on host '127.0.0.1' and port '3121'.
23:17:41 INFO  : Jtag cable 'Digilent Zybo 210279652014A' is selected.
23:17:41 INFO  : 'jtag frequency' command is executed.
23:17:41 INFO  : Context for 'APU' is selected.
23:17:41 INFO  : System reset is completed.
23:17:44 INFO  : 'after 3000' command is executed.
23:17:44 INFO  : 'targets -set -filter {jtag_cable_name =~ "Digilent Zybo 210279652014A" && level==0 && jtag_device_ctx=="jsn-Zybo-210279652014A-13722093-0"}' command is executed.
23:17:45 INFO  : Device configured successfully with "E:/USN_Education/VitisCode/BubbleSort/vitis/BubbleSortApplication/_ide/bitstream/bubble_Sort_Design_wrapper.bit"
23:17:45 INFO  : Context for 'APU' is selected.
23:17:45 INFO  : Hardware design and registers information is loaded from 'E:/USN_Education/VitisCode/BubbleSort/vitis/BubbleSort_Platform/export/BubbleSort_Platform/hw/bubble_Sort_Design_wrapper.xsa'.
23:17:45 INFO  : 'configparams force-mem-access 1' command is executed.
23:17:45 INFO  : Context for 'APU' is selected.
23:17:45 INFO  : Sourcing of 'E:/USN_Education/VitisCode/BubbleSort/vitis/BubbleSortApplication/_ide/psinit/ps7_init.tcl' is done.
23:17:46 INFO  : 'ps7_init' command is executed.
23:17:46 INFO  : 'ps7_post_config' command is executed.
23:17:46 INFO  : Context for processor 'ps7_cortexa9_0' is selected.
23:17:46 INFO  : The application 'E:/USN_Education/VitisCode/BubbleSort/vitis/BubbleSortApplication/Debug/BubbleSortApplication.elf' is downloaded to processor 'ps7_cortexa9_0'.
23:17:46 INFO  : 'configparams force-mem-access 0' command is executed.
23:17:46 INFO  : ----------------XSDB Script----------------
connect -url tcp:127.0.0.1:3121
targets -set -nocase -filter {name =~"APU*"}
rst -system
after 3000
targets -set -filter {jtag_cable_name =~ "Digilent Zybo 210279652014A" && level==0 && jtag_device_ctx=="jsn-Zybo-210279652014A-13722093-0"}
fpga -file E:/USN_Education/VitisCode/BubbleSort/vitis/BubbleSortApplication/_ide/bitstream/bubble_Sort_Design_wrapper.bit
targets -set -nocase -filter {name =~"APU*"}
loadhw -hw E:/USN_Education/VitisCode/BubbleSort/vitis/BubbleSort_Platform/export/BubbleSort_Platform/hw/bubble_Sort_Design_wrapper.xsa -mem-ranges [list {0x40000000 0xbfffffff}] -regs
configparams force-mem-access 1
targets -set -nocase -filter {name =~"APU*"}
source E:/USN_Education/VitisCode/BubbleSort/vitis/BubbleSortApplication/_ide/psinit/ps7_init.tcl
ps7_init
ps7_post_config
targets -set -nocase -filter {name =~ "*A9*#0"}
dow E:/USN_Education/VitisCode/BubbleSort/vitis/BubbleSortApplication/Debug/BubbleSortApplication.elf
configparams force-mem-access 0
----------------End of Script----------------

23:17:46 INFO  : Context for processor 'ps7_cortexa9_0' is selected.
23:17:46 INFO  : 'con' command is executed.
23:17:46 INFO  : ----------------XSDB Script (After Launch)----------------
targets -set -nocase -filter {name =~ "*A9*#0"}
con
----------------End of Script----------------

23:17:46 INFO  : Launch script is exported to file 'E:\USN_Education\VitisCode\BubbleSort\vitis\BubbleSortApplication_system\_ide\scripts\systemdebugger_bubblesortapplication_system_standalone.tcl'
23:21:05 INFO  : Disconnected from the channel tcfchan#6.
23:21:05 INFO  : Connected to target on host '127.0.0.1' and port '3121'.
23:21:05 INFO  : Jtag cable 'Digilent Zybo 210279652014A' is selected.
23:21:05 INFO  : 'jtag frequency' command is executed.
23:21:05 INFO  : Context for 'APU' is selected.
23:21:05 INFO  : System reset is completed.
23:21:08 INFO  : 'after 3000' command is executed.
23:21:08 INFO  : 'targets -set -filter {jtag_cable_name =~ "Digilent Zybo 210279652014A" && level==0 && jtag_device_ctx=="jsn-Zybo-210279652014A-13722093-0"}' command is executed.
23:21:10 INFO  : Device configured successfully with "E:/USN_Education/VitisCode/BubbleSort/vitis/BubbleSortApplication/_ide/bitstream/bubble_Sort_Design_wrapper.bit"
23:21:10 INFO  : Context for 'APU' is selected.
23:21:10 INFO  : Hardware design and registers information is loaded from 'E:/USN_Education/VitisCode/BubbleSort/vitis/BubbleSort_Platform/export/BubbleSort_Platform/hw/bubble_Sort_Design_wrapper.xsa'.
23:21:10 INFO  : 'configparams force-mem-access 1' command is executed.
23:21:10 INFO  : Context for 'APU' is selected.
23:21:10 INFO  : Sourcing of 'E:/USN_Education/VitisCode/BubbleSort/vitis/BubbleSortApplication/_ide/psinit/ps7_init.tcl' is done.
23:21:10 INFO  : 'ps7_init' command is executed.
23:21:10 INFO  : 'ps7_post_config' command is executed.
23:21:10 INFO  : Context for processor 'ps7_cortexa9_0' is selected.
23:21:10 INFO  : The application 'E:/USN_Education/VitisCode/BubbleSort/vitis/BubbleSortApplication/Debug/BubbleSortApplication.elf' is downloaded to processor 'ps7_cortexa9_0'.
23:21:10 INFO  : 'configparams force-mem-access 0' command is executed.
23:21:10 INFO  : ----------------XSDB Script----------------
connect -url tcp:127.0.0.1:3121
targets -set -nocase -filter {name =~"APU*"}
rst -system
after 3000
targets -set -filter {jtag_cable_name =~ "Digilent Zybo 210279652014A" && level==0 && jtag_device_ctx=="jsn-Zybo-210279652014A-13722093-0"}
fpga -file E:/USN_Education/VitisCode/BubbleSort/vitis/BubbleSortApplication/_ide/bitstream/bubble_Sort_Design_wrapper.bit
targets -set -nocase -filter {name =~"APU*"}
loadhw -hw E:/USN_Education/VitisCode/BubbleSort/vitis/BubbleSort_Platform/export/BubbleSort_Platform/hw/bubble_Sort_Design_wrapper.xsa -mem-ranges [list {0x40000000 0xbfffffff}] -regs
configparams force-mem-access 1
targets -set -nocase -filter {name =~"APU*"}
source E:/USN_Education/VitisCode/BubbleSort/vitis/BubbleSortApplication/_ide/psinit/ps7_init.tcl
ps7_init
ps7_post_config
targets -set -nocase -filter {name =~ "*A9*#0"}
dow E:/USN_Education/VitisCode/BubbleSort/vitis/BubbleSortApplication/Debug/BubbleSortApplication.elf
configparams force-mem-access 0
----------------End of Script----------------

23:21:10 INFO  : Context for processor 'ps7_cortexa9_0' is selected.
23:21:10 INFO  : 'con' command is executed.
23:21:10 INFO  : ----------------XSDB Script (After Launch)----------------
targets -set -nocase -filter {name =~ "*A9*#0"}
con
----------------End of Script----------------

23:21:10 INFO  : Launch script is exported to file 'E:\USN_Education\VitisCode\BubbleSort\vitis\BubbleSortApplication_system\_ide\scripts\systemdebugger_bubblesortapplication_system_standalone.tcl'
23:21:17 INFO  : Checking for BSP changes to sync application flags for project 'BubbleSortApplication'...
23:21:31 INFO  : Disconnected from the channel tcfchan#7.
23:21:31 INFO  : Connected to target on host '127.0.0.1' and port '3121'.
23:21:31 INFO  : Jtag cable 'Digilent Zybo 210279652014A' is selected.
23:21:31 INFO  : 'jtag frequency' command is executed.
23:21:31 INFO  : Context for 'APU' is selected.
23:21:31 INFO  : System reset is completed.
23:21:34 INFO  : 'after 3000' command is executed.
23:21:34 INFO  : 'targets -set -filter {jtag_cable_name =~ "Digilent Zybo 210279652014A" && level==0 && jtag_device_ctx=="jsn-Zybo-210279652014A-13722093-0"}' command is executed.
23:21:35 INFO  : Device configured successfully with "E:/USN_Education/VitisCode/BubbleSort/vitis/BubbleSortApplication/_ide/bitstream/bubble_Sort_Design_wrapper.bit"
23:21:35 INFO  : Context for 'APU' is selected.
23:21:35 INFO  : Hardware design and registers information is loaded from 'E:/USN_Education/VitisCode/BubbleSort/vitis/BubbleSort_Platform/export/BubbleSort_Platform/hw/bubble_Sort_Design_wrapper.xsa'.
23:21:35 INFO  : 'configparams force-mem-access 1' command is executed.
23:21:35 INFO  : Context for 'APU' is selected.
23:21:35 INFO  : Sourcing of 'E:/USN_Education/VitisCode/BubbleSort/vitis/BubbleSortApplication/_ide/psinit/ps7_init.tcl' is done.
23:21:35 INFO  : 'ps7_init' command is executed.
23:21:35 INFO  : 'ps7_post_config' command is executed.
23:21:35 INFO  : Context for processor 'ps7_cortexa9_0' is selected.
23:21:36 INFO  : The application 'E:/USN_Education/VitisCode/BubbleSort/vitis/BubbleSortApplication/Debug/BubbleSortApplication.elf' is downloaded to processor 'ps7_cortexa9_0'.
23:21:36 INFO  : 'configparams force-mem-access 0' command is executed.
23:21:36 INFO  : ----------------XSDB Script----------------
connect -url tcp:127.0.0.1:3121
targets -set -nocase -filter {name =~"APU*"}
rst -system
after 3000
targets -set -filter {jtag_cable_name =~ "Digilent Zybo 210279652014A" && level==0 && jtag_device_ctx=="jsn-Zybo-210279652014A-13722093-0"}
fpga -file E:/USN_Education/VitisCode/BubbleSort/vitis/BubbleSortApplication/_ide/bitstream/bubble_Sort_Design_wrapper.bit
targets -set -nocase -filter {name =~"APU*"}
loadhw -hw E:/USN_Education/VitisCode/BubbleSort/vitis/BubbleSort_Platform/export/BubbleSort_Platform/hw/bubble_Sort_Design_wrapper.xsa -mem-ranges [list {0x40000000 0xbfffffff}] -regs
configparams force-mem-access 1
targets -set -nocase -filter {name =~"APU*"}
source E:/USN_Education/VitisCode/BubbleSort/vitis/BubbleSortApplication/_ide/psinit/ps7_init.tcl
ps7_init
ps7_post_config
targets -set -nocase -filter {name =~ "*A9*#0"}
dow E:/USN_Education/VitisCode/BubbleSort/vitis/BubbleSortApplication/Debug/BubbleSortApplication.elf
configparams force-mem-access 0
----------------End of Script----------------

23:21:36 INFO  : Context for processor 'ps7_cortexa9_0' is selected.
23:21:36 INFO  : 'con' command is executed.
23:21:36 INFO  : ----------------XSDB Script (After Launch)----------------
targets -set -nocase -filter {name =~ "*A9*#0"}
con
----------------End of Script----------------

23:21:36 INFO  : Launch script is exported to file 'E:\USN_Education\VitisCode\BubbleSort\vitis\BubbleSortApplication_system\_ide\scripts\systemdebugger_bubblesortapplication_system_standalone.tcl'
23:23:25 INFO  : Checking for BSP changes to sync application flags for project 'BubbleSortApplication'...
23:25:10 INFO  : Checking for BSP changes to sync application flags for project 'BubbleSortApplication'...
23:27:29 INFO  : Checking for BSP changes to sync application flags for project 'BubbleSortApplication'...
23:27:57 INFO  : Disconnected from the channel tcfchan#9.
23:27:57 INFO  : Connected to target on host '127.0.0.1' and port '3121'.
23:27:57 INFO  : Jtag cable 'Digilent Zybo 210279652014A' is selected.
23:27:57 INFO  : 'jtag frequency' command is executed.
23:27:57 INFO  : Context for 'APU' is selected.
23:27:57 INFO  : System reset is completed.
23:28:00 INFO  : 'after 3000' command is executed.
23:28:00 INFO  : 'targets -set -filter {jtag_cable_name =~ "Digilent Zybo 210279652014A" && level==0 && jtag_device_ctx=="jsn-Zybo-210279652014A-13722093-0"}' command is executed.
23:28:02 INFO  : Device configured successfully with "E:/USN_Education/VitisCode/BubbleSort/vitis/BubbleSortApplication/_ide/bitstream/bubble_Sort_Design_wrapper.bit"
23:28:02 INFO  : Context for 'APU' is selected.
23:28:02 INFO  : Hardware design and registers information is loaded from 'E:/USN_Education/VitisCode/BubbleSort/vitis/BubbleSort_Platform/export/BubbleSort_Platform/hw/bubble_Sort_Design_wrapper.xsa'.
23:28:02 INFO  : 'configparams force-mem-access 1' command is executed.
23:28:02 INFO  : Context for 'APU' is selected.
23:28:02 INFO  : Sourcing of 'E:/USN_Education/VitisCode/BubbleSort/vitis/BubbleSortApplication/_ide/psinit/ps7_init.tcl' is done.
23:28:02 INFO  : 'ps7_init' command is executed.
23:28:02 INFO  : 'ps7_post_config' command is executed.
23:28:02 INFO  : Context for processor 'ps7_cortexa9_0' is selected.
23:28:02 INFO  : The application 'E:/USN_Education/VitisCode/BubbleSort/vitis/BubbleSortApplication/Debug/BubbleSortApplication.elf' is downloaded to processor 'ps7_cortexa9_0'.
23:28:02 INFO  : 'configparams force-mem-access 0' command is executed.
23:28:02 INFO  : ----------------XSDB Script----------------
connect -url tcp:127.0.0.1:3121
targets -set -nocase -filter {name =~"APU*"}
rst -system
after 3000
targets -set -filter {jtag_cable_name =~ "Digilent Zybo 210279652014A" && level==0 && jtag_device_ctx=="jsn-Zybo-210279652014A-13722093-0"}
fpga -file E:/USN_Education/VitisCode/BubbleSort/vitis/BubbleSortApplication/_ide/bitstream/bubble_Sort_Design_wrapper.bit
targets -set -nocase -filter {name =~"APU*"}
loadhw -hw E:/USN_Education/VitisCode/BubbleSort/vitis/BubbleSort_Platform/export/BubbleSort_Platform/hw/bubble_Sort_Design_wrapper.xsa -mem-ranges [list {0x40000000 0xbfffffff}] -regs
configparams force-mem-access 1
targets -set -nocase -filter {name =~"APU*"}
source E:/USN_Education/VitisCode/BubbleSort/vitis/BubbleSortApplication/_ide/psinit/ps7_init.tcl
ps7_init
ps7_post_config
targets -set -nocase -filter {name =~ "*A9*#0"}
dow E:/USN_Education/VitisCode/BubbleSort/vitis/BubbleSortApplication/Debug/BubbleSortApplication.elf
configparams force-mem-access 0
----------------End of Script----------------

23:28:02 INFO  : Context for processor 'ps7_cortexa9_0' is selected.
23:28:02 INFO  : 'con' command is executed.
23:28:02 INFO  : ----------------XSDB Script (After Launch)----------------
targets -set -nocase -filter {name =~ "*A9*#0"}
con
----------------End of Script----------------

23:28:02 INFO  : Launch script is exported to file 'E:\USN_Education\VitisCode\BubbleSort\vitis\BubbleSortApplication_system\_ide\scripts\systemdebugger_bubblesortapplication_system_standalone.tcl'
23:28:50 INFO  : Disconnected from the channel tcfchan#12.
23:28:50 INFO  : Connected to target on host '127.0.0.1' and port '3121'.
23:28:50 INFO  : Jtag cable 'Digilent Zybo 210279652014A' is selected.
23:28:50 INFO  : 'jtag frequency' command is executed.
23:28:50 INFO  : Context for 'APU' is selected.
23:28:50 INFO  : System reset is completed.
23:28:53 INFO  : 'after 3000' command is executed.
23:28:53 INFO  : 'targets -set -filter {jtag_cable_name =~ "Digilent Zybo 210279652014A" && level==0 && jtag_device_ctx=="jsn-Zybo-210279652014A-13722093-0"}' command is executed.
23:28:55 INFO  : Device configured successfully with "E:/USN_Education/VitisCode/BubbleSort/vitis/BubbleSortApplication/_ide/bitstream/bubble_Sort_Design_wrapper.bit"
23:28:55 INFO  : Context for 'APU' is selected.
23:28:55 INFO  : Hardware design and registers information is loaded from 'E:/USN_Education/VitisCode/BubbleSort/vitis/BubbleSort_Platform/export/BubbleSort_Platform/hw/bubble_Sort_Design_wrapper.xsa'.
23:28:55 INFO  : 'configparams force-mem-access 1' command is executed.
23:28:55 INFO  : Context for 'APU' is selected.
23:28:55 INFO  : Sourcing of 'E:/USN_Education/VitisCode/BubbleSort/vitis/BubbleSortApplication/_ide/psinit/ps7_init.tcl' is done.
23:28:55 INFO  : 'ps7_init' command is executed.
23:28:55 INFO  : 'ps7_post_config' command is executed.
23:28:55 INFO  : Context for processor 'ps7_cortexa9_0' is selected.
23:28:55 INFO  : The application 'E:/USN_Education/VitisCode/BubbleSort/vitis/BubbleSortApplication/Debug/BubbleSortApplication.elf' is downloaded to processor 'ps7_cortexa9_0'.
23:28:55 INFO  : 'configparams force-mem-access 0' command is executed.
23:28:55 INFO  : ----------------XSDB Script----------------
connect -url tcp:127.0.0.1:3121
targets -set -nocase -filter {name =~"APU*"}
rst -system
after 3000
targets -set -filter {jtag_cable_name =~ "Digilent Zybo 210279652014A" && level==0 && jtag_device_ctx=="jsn-Zybo-210279652014A-13722093-0"}
fpga -file E:/USN_Education/VitisCode/BubbleSort/vitis/BubbleSortApplication/_ide/bitstream/bubble_Sort_Design_wrapper.bit
targets -set -nocase -filter {name =~"APU*"}
loadhw -hw E:/USN_Education/VitisCode/BubbleSort/vitis/BubbleSort_Platform/export/BubbleSort_Platform/hw/bubble_Sort_Design_wrapper.xsa -mem-ranges [list {0x40000000 0xbfffffff}] -regs
configparams force-mem-access 1
targets -set -nocase -filter {name =~"APU*"}
source E:/USN_Education/VitisCode/BubbleSort/vitis/BubbleSortApplication/_ide/psinit/ps7_init.tcl
ps7_init
ps7_post_config
targets -set -nocase -filter {name =~ "*A9*#0"}
dow E:/USN_Education/VitisCode/BubbleSort/vitis/BubbleSortApplication/Debug/BubbleSortApplication.elf
configparams force-mem-access 0
----------------End of Script----------------

23:28:55 INFO  : Context for processor 'ps7_cortexa9_0' is selected.
23:28:55 INFO  : 'con' command is executed.
23:28:55 INFO  : ----------------XSDB Script (After Launch)----------------
targets -set -nocase -filter {name =~ "*A9*#0"}
con
----------------End of Script----------------

23:28:55 INFO  : Launch script is exported to file 'E:\USN_Education\VitisCode\BubbleSort\vitis\BubbleSortApplication_system\_ide\scripts\systemdebugger_bubblesortapplication_system_standalone.tcl'
23:35:19 INFO  : Checking for BSP changes to sync application flags for project 'BubbleSortApplication'...
23:35:38 INFO  : Checking for BSP changes to sync application flags for project 'BubbleSortApplication'...
23:36:18 INFO  : Checking for BSP changes to sync application flags for project 'BubbleSortApplication'...
23:37:26 INFO  : Checking for BSP changes to sync application flags for project 'BubbleSortApplication'...
23:37:51 INFO  : Disconnected from the channel tcfchan#13.
23:37:51 INFO  : Connected to target on host '127.0.0.1' and port '3121'.
23:37:52 INFO  : Jtag cable 'Digilent Zybo 210279652014A' is selected.
23:37:52 INFO  : 'jtag frequency' command is executed.
23:37:52 INFO  : Context for 'APU' is selected.
23:37:52 INFO  : System reset is completed.
23:37:55 INFO  : 'after 3000' command is executed.
23:37:55 INFO  : 'targets -set -filter {jtag_cable_name =~ "Digilent Zybo 210279652014A" && level==0 && jtag_device_ctx=="jsn-Zybo-210279652014A-13722093-0"}' command is executed.
23:37:56 INFO  : Device configured successfully with "E:/USN_Education/VitisCode/BubbleSort/vitis/BubbleSortApplication/_ide/bitstream/bubble_Sort_Design_wrapper.bit"
23:37:56 INFO  : Context for 'APU' is selected.
23:37:56 INFO  : Hardware design and registers information is loaded from 'E:/USN_Education/VitisCode/BubbleSort/vitis/BubbleSort_Platform/export/BubbleSort_Platform/hw/bubble_Sort_Design_wrapper.xsa'.
23:37:56 INFO  : 'configparams force-mem-access 1' command is executed.
23:37:56 INFO  : Context for 'APU' is selected.
23:37:56 INFO  : Sourcing of 'E:/USN_Education/VitisCode/BubbleSort/vitis/BubbleSortApplication/_ide/psinit/ps7_init.tcl' is done.
23:37:57 INFO  : 'ps7_init' command is executed.
23:37:57 INFO  : 'ps7_post_config' command is executed.
23:37:57 INFO  : Context for processor 'ps7_cortexa9_0' is selected.
23:37:58 INFO  : The application 'E:/USN_Education/VitisCode/BubbleSort/vitis/BubbleSortApplication/Debug/BubbleSortApplication.elf' is downloaded to processor 'ps7_cortexa9_0'.
23:37:58 INFO  : 'configparams force-mem-access 0' command is executed.
23:37:58 INFO  : ----------------XSDB Script----------------
connect -url tcp:127.0.0.1:3121
targets -set -nocase -filter {name =~"APU*"}
rst -system
after 3000
targets -set -filter {jtag_cable_name =~ "Digilent Zybo 210279652014A" && level==0 && jtag_device_ctx=="jsn-Zybo-210279652014A-13722093-0"}
fpga -file E:/USN_Education/VitisCode/BubbleSort/vitis/BubbleSortApplication/_ide/bitstream/bubble_Sort_Design_wrapper.bit
targets -set -nocase -filter {name =~"APU*"}
loadhw -hw E:/USN_Education/VitisCode/BubbleSort/vitis/BubbleSort_Platform/export/BubbleSort_Platform/hw/bubble_Sort_Design_wrapper.xsa -mem-ranges [list {0x40000000 0xbfffffff}] -regs
configparams force-mem-access 1
targets -set -nocase -filter {name =~"APU*"}
source E:/USN_Education/VitisCode/BubbleSort/vitis/BubbleSortApplication/_ide/psinit/ps7_init.tcl
ps7_init
ps7_post_config
targets -set -nocase -filter {name =~ "*A9*#0"}
dow E:/USN_Education/VitisCode/BubbleSort/vitis/BubbleSortApplication/Debug/BubbleSortApplication.elf
configparams force-mem-access 0
----------------End of Script----------------

23:37:58 INFO  : Context for processor 'ps7_cortexa9_0' is selected.
23:37:58 INFO  : 'con' command is executed.
23:37:58 INFO  : ----------------XSDB Script (After Launch)----------------
targets -set -nocase -filter {name =~ "*A9*#0"}
con
----------------End of Script----------------

23:37:58 INFO  : Launch script is exported to file 'E:\USN_Education\VitisCode\BubbleSort\vitis\BubbleSortApplication_system\_ide\scripts\systemdebugger_bubblesortapplication_system_standalone.tcl'
23:39:04 INFO  : Checking for BSP changes to sync application flags for project 'BubbleSortApplication'...
23:40:31 INFO  : Checking for BSP changes to sync application flags for project 'BubbleSortApplication'...
23:40:46 INFO  : Checking for BSP changes to sync application flags for project 'BubbleSortApplication'...
23:42:45 INFO  : Checking for BSP changes to sync application flags for project 'BubbleSortApplication'...
23:43:15 INFO  : Disconnected from the channel tcfchan#17.
23:43:15 INFO  : Connected to target on host '127.0.0.1' and port '3121'.
23:43:15 INFO  : Jtag cable 'Digilent Zybo 210279652014A' is selected.
23:43:15 INFO  : 'jtag frequency' command is executed.
23:43:15 INFO  : Context for 'APU' is selected.
23:43:15 INFO  : System reset is completed.
23:43:18 INFO  : 'after 3000' command is executed.
23:43:18 INFO  : 'targets -set -filter {jtag_cable_name =~ "Digilent Zybo 210279652014A" && level==0 && jtag_device_ctx=="jsn-Zybo-210279652014A-13722093-0"}' command is executed.
23:43:20 INFO  : Device configured successfully with "E:/USN_Education/VitisCode/BubbleSort/vitis/BubbleSortApplication/_ide/bitstream/bubble_Sort_Design_wrapper.bit"
23:43:20 INFO  : Context for 'APU' is selected.
23:43:20 INFO  : Hardware design and registers information is loaded from 'E:/USN_Education/VitisCode/BubbleSort/vitis/BubbleSort_Platform/export/BubbleSort_Platform/hw/bubble_Sort_Design_wrapper.xsa'.
23:43:20 INFO  : 'configparams force-mem-access 1' command is executed.
23:43:20 INFO  : Context for 'APU' is selected.
23:43:20 INFO  : Sourcing of 'E:/USN_Education/VitisCode/BubbleSort/vitis/BubbleSortApplication/_ide/psinit/ps7_init.tcl' is done.
23:43:21 INFO  : 'ps7_init' command is executed.
23:43:21 INFO  : 'ps7_post_config' command is executed.
23:43:21 INFO  : Context for processor 'ps7_cortexa9_0' is selected.
23:43:21 INFO  : The application 'E:/USN_Education/VitisCode/BubbleSort/vitis/BubbleSortApplication/Debug/BubbleSortApplication.elf' is downloaded to processor 'ps7_cortexa9_0'.
23:43:21 INFO  : 'configparams force-mem-access 0' command is executed.
23:43:21 INFO  : ----------------XSDB Script----------------
connect -url tcp:127.0.0.1:3121
targets -set -nocase -filter {name =~"APU*"}
rst -system
after 3000
targets -set -filter {jtag_cable_name =~ "Digilent Zybo 210279652014A" && level==0 && jtag_device_ctx=="jsn-Zybo-210279652014A-13722093-0"}
fpga -file E:/USN_Education/VitisCode/BubbleSort/vitis/BubbleSortApplication/_ide/bitstream/bubble_Sort_Design_wrapper.bit
targets -set -nocase -filter {name =~"APU*"}
loadhw -hw E:/USN_Education/VitisCode/BubbleSort/vitis/BubbleSort_Platform/export/BubbleSort_Platform/hw/bubble_Sort_Design_wrapper.xsa -mem-ranges [list {0x40000000 0xbfffffff}] -regs
configparams force-mem-access 1
targets -set -nocase -filter {name =~"APU*"}
source E:/USN_Education/VitisCode/BubbleSort/vitis/BubbleSortApplication/_ide/psinit/ps7_init.tcl
ps7_init
ps7_post_config
targets -set -nocase -filter {name =~ "*A9*#0"}
dow E:/USN_Education/VitisCode/BubbleSort/vitis/BubbleSortApplication/Debug/BubbleSortApplication.elf
configparams force-mem-access 0
----------------End of Script----------------

23:43:21 INFO  : Context for processor 'ps7_cortexa9_0' is selected.
23:43:21 INFO  : 'con' command is executed.
23:43:21 INFO  : ----------------XSDB Script (After Launch)----------------
targets -set -nocase -filter {name =~ "*A9*#0"}
con
----------------End of Script----------------

23:43:21 INFO  : Launch script is exported to file 'E:\USN_Education\VitisCode\BubbleSort\vitis\BubbleSortApplication_system\_ide\scripts\systemdebugger_bubblesortapplication_system_standalone.tcl'
23:44:09 INFO  : Result from executing command 'removePlatformRepo': 
23:44:46 INFO  : Result from executing command 'getProjects': BubbleSort_Platform
23:44:46 INFO  : Result from executing command 'getPlatforms': xilinx_vck190_base_202220_1|D:/Software/Embeded/xilinx/Vitis/2022.2/base_platforms/xilinx_vck190_base_202220_1/xilinx_vck190_base_202220_1.xpfm;xilinx_vck190_base_dfx_202220_1|D:/Software/Embeded/xilinx/Vitis/2022.2/base_platforms/xilinx_vck190_base_dfx_202220_1/xilinx_vck190_base_dfx_202220_1.xpfm;xilinx_vmk180_base_202220_1|D:/Software/Embeded/xilinx/Vitis/2022.2/base_platforms/xilinx_vmk180_base_202220_1/xilinx_vmk180_base_202220_1.xpfm;xilinx_zcu102_base_202220_1|D:/Software/Embeded/xilinx/Vitis/2022.2/base_platforms/xilinx_zcu102_base_202220_1/xilinx_zcu102_base_202220_1.xpfm;xilinx_zcu102_base_dfx_202220_1|D:/Software/Embeded/xilinx/Vitis/2022.2/base_platforms/xilinx_zcu102_base_dfx_202220_1/xilinx_zcu102_base_dfx_202220_1.xpfm;xilinx_zcu104_base_202220_1|D:/Software/Embeded/xilinx/Vitis/2022.2/base_platforms/xilinx_zcu104_base_202220_1/xilinx_zcu104_base_202220_1.xpfm
23:44:47 INFO  : Checking for BSP changes to sync application flags for project 'BubbleSortApplication'...
23:46:09 INFO  : Disconnected from the channel tcfchan#21.
23:46:09 INFO  : Connected to target on host '127.0.0.1' and port '3121'.
23:46:09 INFO  : Jtag cable 'Digilent Zybo 210279652014A' is selected.
23:46:09 INFO  : 'jtag frequency' command is executed.
23:46:09 INFO  : Context for 'APU' is selected.
23:46:09 INFO  : System reset is completed.
23:46:12 INFO  : 'after 3000' command is executed.
23:46:12 INFO  : 'targets -set -filter {jtag_cable_name =~ "Digilent Zybo 210279652014A" && level==0 && jtag_device_ctx=="jsn-Zybo-210279652014A-13722093-0"}' command is executed.
23:46:13 INFO  : Device configured successfully with "E:/USN_Education/VitisCode/BubbleSort/vitis/BubbleSortApplication/_ide/bitstream/bubble_Sort_Design_wrapper.bit"
23:46:13 INFO  : Context for 'APU' is selected.
23:46:14 INFO  : Hardware design and registers information is loaded from 'E:/USN_Education/VitisCode/BubbleSort/vitis/BubbleSort_Platform/export/BubbleSort_Platform/hw/bubble_Sort_Design_wrapper.xsa'.
23:46:14 INFO  : 'configparams force-mem-access 1' command is executed.
23:46:14 INFO  : Context for 'APU' is selected.
23:46:14 INFO  : Sourcing of 'E:/USN_Education/VitisCode/BubbleSort/vitis/BubbleSortApplication/_ide/psinit/ps7_init.tcl' is done.
23:46:14 INFO  : 'ps7_init' command is executed.
23:46:14 INFO  : 'ps7_post_config' command is executed.
23:46:14 INFO  : Context for processor 'ps7_cortexa9_0' is selected.
23:46:14 INFO  : The application 'E:/USN_Education/VitisCode/BubbleSort/vitis/BubbleSortApplication/Debug/BubbleSortApplication.elf' is downloaded to processor 'ps7_cortexa9_0'.
23:46:14 INFO  : 'configparams force-mem-access 0' command is executed.
23:46:14 INFO  : ----------------XSDB Script----------------
connect -url tcp:127.0.0.1:3121
targets -set -nocase -filter {name =~"APU*"}
rst -system
after 3000
targets -set -filter {jtag_cable_name =~ "Digilent Zybo 210279652014A" && level==0 && jtag_device_ctx=="jsn-Zybo-210279652014A-13722093-0"}
fpga -file E:/USN_Education/VitisCode/BubbleSort/vitis/BubbleSortApplication/_ide/bitstream/bubble_Sort_Design_wrapper.bit
targets -set -nocase -filter {name =~"APU*"}
loadhw -hw E:/USN_Education/VitisCode/BubbleSort/vitis/BubbleSort_Platform/export/BubbleSort_Platform/hw/bubble_Sort_Design_wrapper.xsa -mem-ranges [list {0x40000000 0xbfffffff}] -regs
configparams force-mem-access 1
targets -set -nocase -filter {name =~"APU*"}
source E:/USN_Education/VitisCode/BubbleSort/vitis/BubbleSortApplication/_ide/psinit/ps7_init.tcl
ps7_init
ps7_post_config
targets -set -nocase -filter {name =~ "*A9*#0"}
dow E:/USN_Education/VitisCode/BubbleSort/vitis/BubbleSortApplication/Debug/BubbleSortApplication.elf
configparams force-mem-access 0
----------------End of Script----------------

23:46:15 INFO  : Context for processor 'ps7_cortexa9_0' is selected.
23:46:15 INFO  : 'con' command is executed.
23:46:15 INFO  : ----------------XSDB Script (After Launch)----------------
targets -set -nocase -filter {name =~ "*A9*#0"}
con
----------------End of Script----------------

23:46:15 INFO  : Launch script is exported to file 'E:\USN_Education\VitisCode\BubbleSort\vitis\BubbleSortApplication_system\_ide\scripts\systemdebugger_bubblesortapplication_system_standalone.tcl'
23:50:43 INFO  : Disconnected from the channel tcfchan#25.
17:20:16 DEBUG : Logs will be stored at 'E:/USN_Education/VitisCode/BubbleSort/vitis/IDE.log'.
17:20:17 INFO  : Launching XSCT server: xsct.bat -n  -interactive E:\USN_Education\VitisCode\BubbleSort\vitis\temp_xsdb_launch_script.tcl
17:20:20 INFO  : XSCT server has started successfully.
17:20:20 INFO  : plnx-install-location is set to ''
17:20:20 INFO  : Successfully done setting XSCT server connection channel  
17:20:20 INFO  : Successfully done setting workspace for the tool. 
17:20:21 INFO  : Registering command handlers for Vitis TCF services
17:20:21 INFO  : Successfully done query RDI_DATADIR 
17:20:22 INFO  : Platform repository initialization has completed.
17:22:05 INFO  : Checking for BSP changes to sync application flags for project 'BubbleSortApplication'...
17:27:10 INFO  : Checking for BSP changes to sync application flags for project 'BubbleSortApplication'...
17:27:45 INFO  : Checking for BSP changes to sync application flags for project 'BubbleSortApplication'...
17:28:10 INFO  : Checking for BSP changes to sync application flags for project 'BubbleSortApplication'...
17:37:32 INFO  : Checking for BSP changes to sync application flags for project 'BubbleSortApplication'...
17:40:25 INFO  : Checking for BSP changes to sync application flags for project 'BubbleSortApplication'...
17:40:58 INFO  : Checking for BSP changes to sync application flags for project 'BubbleSortApplication'...
17:41:45 INFO  : Checking for BSP changes to sync application flags for project 'BubbleSortApplication'...
20:19:36 DEBUG : Logs will be stored at 'E:/USN_Education/VitisCode/BubbleSort/vitis/IDE.log'.
20:19:37 INFO  : Launching XSCT server: xsct.bat -n  -interactive E:\USN_Education\VitisCode\BubbleSort\vitis\temp_xsdb_launch_script.tcl
20:19:39 INFO  : Registering command handlers for Vitis TCF services
20:19:39 INFO  : XSCT server has started successfully.
20:19:39 INFO  : Successfully done setting XSCT server connection channel  
20:19:39 INFO  : plnx-install-location is set to ''
20:19:39 INFO  : Successfully done query RDI_DATADIR 
20:19:39 INFO  : Successfully done setting workspace for the tool. 
20:19:39 INFO  : Platform repository initialization has completed.
20:21:09 INFO  : Result from executing command 'getProjects': BubbleSort_Platform
20:21:09 INFO  : Result from executing command 'getPlatforms': BubbleSort_Platform|E:/USN_Education/VitisCode/BubbleSort/vitis/BubbleSort_Platform/export/BubbleSort_Platform/BubbleSort_Platform.xpfm;xilinx_vck190_base_202220_1|D:/Software/Embeded/xilinx/Vitis/2022.2/base_platforms/xilinx_vck190_base_202220_1/xilinx_vck190_base_202220_1.xpfm;xilinx_vck190_base_dfx_202220_1|D:/Software/Embeded/xilinx/Vitis/2022.2/base_platforms/xilinx_vck190_base_dfx_202220_1/xilinx_vck190_base_dfx_202220_1.xpfm;xilinx_vmk180_base_202220_1|D:/Software/Embeded/xilinx/Vitis/2022.2/base_platforms/xilinx_vmk180_base_202220_1/xilinx_vmk180_base_202220_1.xpfm;xilinx_zcu102_base_202220_1|D:/Software/Embeded/xilinx/Vitis/2022.2/base_platforms/xilinx_zcu102_base_202220_1/xilinx_zcu102_base_202220_1.xpfm;xilinx_zcu102_base_dfx_202220_1|D:/Software/Embeded/xilinx/Vitis/2022.2/base_platforms/xilinx_zcu102_base_dfx_202220_1/xilinx_zcu102_base_dfx_202220_1.xpfm;xilinx_zcu104_base_202220_1|D:/Software/Embeded/xilinx/Vitis/2022.2/base_platforms/xilinx_zcu104_base_202220_1/xilinx_zcu104_base_202220_1.xpfm
20:21:09 INFO  : Checking for BSP changes to sync application flags for project 'BubbleSortApplication'...
20:22:28 INFO  : Checking for BSP changes to sync application flags for project 'BubbleSortApplication'...
20:23:07 INFO  : Connected to target on host '127.0.0.1' and port '3121'.
20:23:08 INFO  : Jtag cable 'Digilent Zybo 210279652014A' is selected.
20:23:08 INFO  : 'jtag frequency' command is executed.
20:23:08 INFO  : Context for 'APU' is selected.
20:23:08 INFO  : System reset is completed.
20:23:11 INFO  : 'after 3000' command is executed.
20:23:11 INFO  : 'targets -set -filter {jtag_cable_name =~ "Digilent Zybo 210279652014A" && level==0 && jtag_device_ctx=="jsn-Zybo-210279652014A-13722093-0"}' command is executed.
20:23:12 INFO  : Device configured successfully with "E:/USN_Education/VitisCode/BubbleSort/vitis/BubbleSortApplication/_ide/bitstream/bubble_Sort_Design_wrapper.bit"
20:23:12 INFO  : Context for 'APU' is selected.
20:23:12 INFO  : Hardware design and registers information is loaded from 'E:/USN_Education/VitisCode/BubbleSort/vitis/BubbleSort_Platform/export/BubbleSort_Platform/hw/bubble_Sort_Design_wrapper.xsa'.
20:23:12 INFO  : 'configparams force-mem-access 1' command is executed.
20:23:12 INFO  : Context for 'APU' is selected.
20:23:13 INFO  : Sourcing of 'E:/USN_Education/VitisCode/BubbleSort/vitis/BubbleSortApplication/_ide/psinit/ps7_init.tcl' is done.
20:23:13 INFO  : 'ps7_init' command is executed.
20:23:13 INFO  : 'ps7_post_config' command is executed.
20:23:13 INFO  : Context for processor 'ps7_cortexa9_0' is selected.
20:23:13 INFO  : The application 'E:/USN_Education/VitisCode/BubbleSort/vitis/BubbleSortApplication/Debug/BubbleSortApplication.elf' is downloaded to processor 'ps7_cortexa9_0'.
20:23:13 INFO  : 'configparams force-mem-access 0' command is executed.
20:23:13 INFO  : ----------------XSDB Script----------------
connect -url tcp:127.0.0.1:3121
targets -set -nocase -filter {name =~"APU*"}
rst -system
after 3000
targets -set -filter {jtag_cable_name =~ "Digilent Zybo 210279652014A" && level==0 && jtag_device_ctx=="jsn-Zybo-210279652014A-13722093-0"}
fpga -file E:/USN_Education/VitisCode/BubbleSort/vitis/BubbleSortApplication/_ide/bitstream/bubble_Sort_Design_wrapper.bit
targets -set -nocase -filter {name =~"APU*"}
loadhw -hw E:/USN_Education/VitisCode/BubbleSort/vitis/BubbleSort_Platform/export/BubbleSort_Platform/hw/bubble_Sort_Design_wrapper.xsa -mem-ranges [list {0x40000000 0xbfffffff}] -regs
configparams force-mem-access 1
targets -set -nocase -filter {name =~"APU*"}
source E:/USN_Education/VitisCode/BubbleSort/vitis/BubbleSortApplication/_ide/psinit/ps7_init.tcl
ps7_init
ps7_post_config
targets -set -nocase -filter {name =~ "*A9*#0"}
dow E:/USN_Education/VitisCode/BubbleSort/vitis/BubbleSortApplication/Debug/BubbleSortApplication.elf
configparams force-mem-access 0
----------------End of Script----------------

20:23:13 INFO  : Context for processor 'ps7_cortexa9_0' is selected.
20:23:13 INFO  : 'con' command is executed.
20:23:13 INFO  : ----------------XSDB Script (After Launch)----------------
targets -set -nocase -filter {name =~ "*A9*#0"}
con
----------------End of Script----------------

20:23:13 INFO  : Launch script is exported to file 'E:\USN_Education\VitisCode\BubbleSort\vitis\BubbleSortApplication_system\_ide\scripts\systemdebugger_bubblesortapplication_system_standalone.tcl'
20:23:53 INFO  : Result from executing command 'removePlatformRepo': 
20:24:27 ERROR : Error from executing command 'removePlatformRepo': ERROR: No valid directory exists at given path.
20:24:48 INFO  : Result from executing command 'getProjects': BubbleSort_Platform
20:24:48 INFO  : Result from executing command 'getPlatforms': xilinx_vck190_base_202220_1|D:/Software/Embeded/xilinx/Vitis/2022.2/base_platforms/xilinx_vck190_base_202220_1/xilinx_vck190_base_202220_1.xpfm;xilinx_vck190_base_dfx_202220_1|D:/Software/Embeded/xilinx/Vitis/2022.2/base_platforms/xilinx_vck190_base_dfx_202220_1/xilinx_vck190_base_dfx_202220_1.xpfm;xilinx_vmk180_base_202220_1|D:/Software/Embeded/xilinx/Vitis/2022.2/base_platforms/xilinx_vmk180_base_202220_1/xilinx_vmk180_base_202220_1.xpfm;xilinx_zcu102_base_202220_1|D:/Software/Embeded/xilinx/Vitis/2022.2/base_platforms/xilinx_zcu102_base_202220_1/xilinx_zcu102_base_202220_1.xpfm;xilinx_zcu102_base_dfx_202220_1|D:/Software/Embeded/xilinx/Vitis/2022.2/base_platforms/xilinx_zcu102_base_dfx_202220_1/xilinx_zcu102_base_dfx_202220_1.xpfm;xilinx_zcu104_base_202220_1|D:/Software/Embeded/xilinx/Vitis/2022.2/base_platforms/xilinx_zcu104_base_202220_1/xilinx_zcu104_base_202220_1.xpfm
20:24:49 INFO  : Checking for BSP changes to sync application flags for project 'BubbleSortApplication'...
20:24:52 INFO  : Disconnected from the channel tcfchan#4.
20:25:49 DEBUG : Logs will be stored at 'E:/USN_Education/VitisCode/BubbleSort/vitis/IDE.log'.
20:25:50 INFO  : Launching XSCT server: xsct.bat -n  -interactive E:\USN_Education\VitisCode\BubbleSort\vitis\temp_xsdb_launch_script.tcl
20:25:52 INFO  : Registering command handlers for Vitis TCF services
20:25:52 INFO  : XSCT server has started successfully.
20:25:52 INFO  : Successfully done setting XSCT server connection channel  
20:25:52 INFO  : plnx-install-location is set to ''
20:25:52 INFO  : Successfully done query RDI_DATADIR 
20:25:52 INFO  : Successfully done setting workspace for the tool. 
20:25:52 INFO  : Platform repository initialization has completed.
20:26:08 INFO  : Result from executing command 'getProjects': BubbleSort_Platform
20:26:08 INFO  : Result from executing command 'getPlatforms': BubbleSort_Platform|E:/USN_Education/VitisCode/BubbleSort/vitis/BubbleSort_Platform/export/BubbleSort_Platform/BubbleSort_Platform.xpfm;xilinx_vck190_base_202220_1|D:/Software/Embeded/xilinx/Vitis/2022.2/base_platforms/xilinx_vck190_base_202220_1/xilinx_vck190_base_202220_1.xpfm;xilinx_vck190_base_dfx_202220_1|D:/Software/Embeded/xilinx/Vitis/2022.2/base_platforms/xilinx_vck190_base_dfx_202220_1/xilinx_vck190_base_dfx_202220_1.xpfm;xilinx_vmk180_base_202220_1|D:/Software/Embeded/xilinx/Vitis/2022.2/base_platforms/xilinx_vmk180_base_202220_1/xilinx_vmk180_base_202220_1.xpfm;xilinx_zcu102_base_202220_1|D:/Software/Embeded/xilinx/Vitis/2022.2/base_platforms/xilinx_zcu102_base_202220_1/xilinx_zcu102_base_202220_1.xpfm;xilinx_zcu102_base_dfx_202220_1|D:/Software/Embeded/xilinx/Vitis/2022.2/base_platforms/xilinx_zcu102_base_dfx_202220_1/xilinx_zcu102_base_dfx_202220_1.xpfm;xilinx_zcu104_base_202220_1|D:/Software/Embeded/xilinx/Vitis/2022.2/base_platforms/xilinx_zcu104_base_202220_1/xilinx_zcu104_base_202220_1.xpfm
20:26:09 INFO  : Checking for BSP changes to sync application flags for project 'BubbleSortApplication'...
20:26:36 INFO  : Connected to target on host '127.0.0.1' and port '3121'.
20:26:37 INFO  : Jtag cable 'Digilent Zybo 210279652014A' is selected.
20:26:37 INFO  : 'jtag frequency' command is executed.
20:26:37 INFO  : Context for 'APU' is selected.
20:26:37 INFO  : System reset is completed.
20:26:40 INFO  : 'after 3000' command is executed.
20:26:40 INFO  : 'targets -set -filter {jtag_cable_name =~ "Digilent Zybo 210279652014A" && level==0 && jtag_device_ctx=="jsn-Zybo-210279652014A-13722093-0"}' command is executed.
20:26:41 INFO  : Device configured successfully with "E:/USN_Education/VitisCode/BubbleSort/vitis/BubbleSortApplication/_ide/bitstream/bubble_Sort_Design_wrapper.bit"
20:26:41 INFO  : Context for 'APU' is selected.
20:26:41 INFO  : Hardware design and registers information is loaded from 'E:/USN_Education/VitisCode/BubbleSort/vitis/BubbleSort_Platform/export/BubbleSort_Platform/hw/bubble_Sort_Design_wrapper.xsa'.
20:26:41 INFO  : 'configparams force-mem-access 1' command is executed.
20:26:41 INFO  : Context for 'APU' is selected.
20:26:41 INFO  : Sourcing of 'E:/USN_Education/VitisCode/BubbleSort/vitis/BubbleSortApplication/_ide/psinit/ps7_init.tcl' is done.
20:26:42 INFO  : 'ps7_init' command is executed.
20:26:42 INFO  : 'ps7_post_config' command is executed.
20:26:42 INFO  : Context for processor 'ps7_cortexa9_0' is selected.
20:26:42 INFO  : The application 'E:/USN_Education/VitisCode/BubbleSort/vitis/BubbleSortApplication/Debug/BubbleSortApplication.elf' is downloaded to processor 'ps7_cortexa9_0'.
20:26:42 INFO  : 'configparams force-mem-access 0' command is executed.
20:26:42 INFO  : ----------------XSDB Script----------------
connect -url tcp:127.0.0.1:3121
targets -set -nocase -filter {name =~"APU*"}
rst -system
after 3000
targets -set -filter {jtag_cable_name =~ "Digilent Zybo 210279652014A" && level==0 && jtag_device_ctx=="jsn-Zybo-210279652014A-13722093-0"}
fpga -file E:/USN_Education/VitisCode/BubbleSort/vitis/BubbleSortApplication/_ide/bitstream/bubble_Sort_Design_wrapper.bit
targets -set -nocase -filter {name =~"APU*"}
loadhw -hw E:/USN_Education/VitisCode/BubbleSort/vitis/BubbleSort_Platform/export/BubbleSort_Platform/hw/bubble_Sort_Design_wrapper.xsa -mem-ranges [list {0x40000000 0xbfffffff}] -regs
configparams force-mem-access 1
targets -set -nocase -filter {name =~"APU*"}
source E:/USN_Education/VitisCode/BubbleSort/vitis/BubbleSortApplication/_ide/psinit/ps7_init.tcl
ps7_init
ps7_post_config
targets -set -nocase -filter {name =~ "*A9*#0"}
dow E:/USN_Education/VitisCode/BubbleSort/vitis/BubbleSortApplication/Debug/BubbleSortApplication.elf
configparams force-mem-access 0
----------------End of Script----------------

20:26:42 INFO  : Context for processor 'ps7_cortexa9_0' is selected.
20:26:42 INFO  : 'con' command is executed.
20:26:42 INFO  : ----------------XSDB Script (After Launch)----------------
targets -set -nocase -filter {name =~ "*A9*#0"}
con
----------------End of Script----------------

20:26:42 INFO  : Launch script is exported to file 'E:\USN_Education\VitisCode\BubbleSort\vitis\BubbleSortApplication_system\_ide\scripts\systemdebugger_bubblesortapplication_system_standalone.tcl'
20:28:01 INFO  : Checking for BSP changes to sync application flags for project 'BubbleSortApplication'...
20:28:40 INFO  : Disconnected from the channel tcfchan#3.
20:28:40 INFO  : Connected to target on host '127.0.0.1' and port '3121'.
20:28:40 INFO  : Jtag cable 'Digilent Zybo 210279652014A' is selected.
20:28:40 INFO  : 'jtag frequency' command is executed.
20:28:41 INFO  : Context for 'APU' is selected.
20:28:41 INFO  : System reset is completed.
20:28:44 INFO  : 'after 3000' command is executed.
20:28:44 INFO  : 'targets -set -filter {jtag_cable_name =~ "Digilent Zybo 210279652014A" && level==0 && jtag_device_ctx=="jsn-Zybo-210279652014A-13722093-0"}' command is executed.
20:28:45 INFO  : Device configured successfully with "E:/USN_Education/VitisCode/BubbleSort/vitis/BubbleSortApplication/_ide/bitstream/bubble_Sort_Design_wrapper.bit"
20:28:45 INFO  : Context for 'APU' is selected.
20:28:45 INFO  : Hardware design and registers information is loaded from 'E:/USN_Education/VitisCode/BubbleSort/vitis/BubbleSort_Platform/export/BubbleSort_Platform/hw/bubble_Sort_Design_wrapper.xsa'.
20:28:45 INFO  : 'configparams force-mem-access 1' command is executed.
20:28:45 INFO  : Context for 'APU' is selected.
20:28:45 INFO  : Sourcing of 'E:/USN_Education/VitisCode/BubbleSort/vitis/BubbleSortApplication/_ide/psinit/ps7_init.tcl' is done.
20:28:46 INFO  : 'ps7_init' command is executed.
20:28:46 INFO  : 'ps7_post_config' command is executed.
20:28:46 INFO  : Context for processor 'ps7_cortexa9_0' is selected.
20:28:46 INFO  : The application 'E:/USN_Education/VitisCode/BubbleSort/vitis/BubbleSortApplication/Debug/BubbleSortApplication.elf' is downloaded to processor 'ps7_cortexa9_0'.
20:28:46 INFO  : 'configparams force-mem-access 0' command is executed.
20:28:46 INFO  : ----------------XSDB Script----------------
connect -url tcp:127.0.0.1:3121
targets -set -nocase -filter {name =~"APU*"}
rst -system
after 3000
targets -set -filter {jtag_cable_name =~ "Digilent Zybo 210279652014A" && level==0 && jtag_device_ctx=="jsn-Zybo-210279652014A-13722093-0"}
fpga -file E:/USN_Education/VitisCode/BubbleSort/vitis/BubbleSortApplication/_ide/bitstream/bubble_Sort_Design_wrapper.bit
targets -set -nocase -filter {name =~"APU*"}
loadhw -hw E:/USN_Education/VitisCode/BubbleSort/vitis/BubbleSort_Platform/export/BubbleSort_Platform/hw/bubble_Sort_Design_wrapper.xsa -mem-ranges [list {0x40000000 0xbfffffff}] -regs
configparams force-mem-access 1
targets -set -nocase -filter {name =~"APU*"}
source E:/USN_Education/VitisCode/BubbleSort/vitis/BubbleSortApplication/_ide/psinit/ps7_init.tcl
ps7_init
ps7_post_config
targets -set -nocase -filter {name =~ "*A9*#0"}
dow E:/USN_Education/VitisCode/BubbleSort/vitis/BubbleSortApplication/Debug/BubbleSortApplication.elf
configparams force-mem-access 0
----------------End of Script----------------

20:28:46 INFO  : Context for processor 'ps7_cortexa9_0' is selected.
20:28:46 INFO  : 'con' command is executed.
20:28:46 INFO  : ----------------XSDB Script (After Launch)----------------
targets -set -nocase -filter {name =~ "*A9*#0"}
con
----------------End of Script----------------

20:28:46 INFO  : Launch script is exported to file 'E:\USN_Education\VitisCode\BubbleSort\vitis\BubbleSortApplication_system\_ide\scripts\systemdebugger_bubblesortapplication_system_standalone.tcl'
20:30:06 INFO  : Checking for BSP changes to sync application flags for project 'BubbleSortApplication'...
20:30:17 INFO  : Disconnected from the channel tcfchan#5.
20:30:17 INFO  : Connected to target on host '127.0.0.1' and port '3121'.
20:30:35 INFO  : ----------------XSDB Script----------------
connect -url tcp:127.0.0.1:3121
----------------End of Script----------------

20:30:35 ERROR : Could not find ARM device on the board for connection 'Local'.
Check if the target is in:
1. Split JTAG - No operations are possible with ARM DAP.
2. Non JTAG bootmode - Bootrom may need time to enable DAP.
Please try again.


Troubleshooting hints:
1. Check whether board is connected to system properly.
2. In case of zynq board, check whether Digilent/Xilinx cable switch settings are correct.
3. If you are using Xilinx Platform Cable USB, ensure that status LED is green.
20:30:59 INFO  : Connected to target on host '127.0.0.1' and port '3121'.
20:31:00 INFO  : Jtag cable 'Digilent Zybo 210279652014A' is selected.
20:31:00 INFO  : 'jtag frequency' command is executed.
20:31:00 INFO  : Context for 'APU' is selected.
20:31:00 INFO  : System reset is completed.
20:31:03 INFO  : 'after 3000' command is executed.
20:31:03 INFO  : 'targets -set -filter {jtag_cable_name =~ "Digilent Zybo 210279652014A" && level==0 && jtag_device_ctx=="jsn-Zybo-210279652014A-13722093-0"}' command is executed.
20:31:04 INFO  : Device configured successfully with "E:/USN_Education/VitisCode/BubbleSort/vitis/BubbleSortApplication/_ide/bitstream/bubble_Sort_Design_wrapper.bit"
20:31:04 INFO  : Context for 'APU' is selected.
20:31:04 INFO  : Hardware design and registers information is loaded from 'E:/USN_Education/VitisCode/BubbleSort/vitis/BubbleSort_Platform/export/BubbleSort_Platform/hw/bubble_Sort_Design_wrapper.xsa'.
20:31:04 INFO  : 'configparams force-mem-access 1' command is executed.
20:31:04 INFO  : Context for 'APU' is selected.
20:31:04 INFO  : Sourcing of 'E:/USN_Education/VitisCode/BubbleSort/vitis/BubbleSortApplication/_ide/psinit/ps7_init.tcl' is done.
20:31:05 INFO  : 'ps7_init' command is executed.
20:31:05 INFO  : 'ps7_post_config' command is executed.
20:31:05 INFO  : Context for processor 'ps7_cortexa9_0' is selected.
20:31:05 INFO  : The application 'E:/USN_Education/VitisCode/BubbleSort/vitis/BubbleSortApplication/Debug/BubbleSortApplication.elf' is downloaded to processor 'ps7_cortexa9_0'.
20:31:05 INFO  : 'configparams force-mem-access 0' command is executed.
20:31:05 INFO  : ----------------XSDB Script----------------
connect -url tcp:127.0.0.1:3121
targets -set -nocase -filter {name =~"APU*"}
rst -system
after 3000
targets -set -filter {jtag_cable_name =~ "Digilent Zybo 210279652014A" && level==0 && jtag_device_ctx=="jsn-Zybo-210279652014A-13722093-0"}
fpga -file E:/USN_Education/VitisCode/BubbleSort/vitis/BubbleSortApplication/_ide/bitstream/bubble_Sort_Design_wrapper.bit
targets -set -nocase -filter {name =~"APU*"}
loadhw -hw E:/USN_Education/VitisCode/BubbleSort/vitis/BubbleSort_Platform/export/BubbleSort_Platform/hw/bubble_Sort_Design_wrapper.xsa -mem-ranges [list {0x40000000 0xbfffffff}] -regs
configparams force-mem-access 1
targets -set -nocase -filter {name =~"APU*"}
source E:/USN_Education/VitisCode/BubbleSort/vitis/BubbleSortApplication/_ide/psinit/ps7_init.tcl
ps7_init
ps7_post_config
targets -set -nocase -filter {name =~ "*A9*#0"}
dow E:/USN_Education/VitisCode/BubbleSort/vitis/BubbleSortApplication/Debug/BubbleSortApplication.elf
configparams force-mem-access 0
----------------End of Script----------------

20:31:05 INFO  : Context for processor 'ps7_cortexa9_0' is selected.
20:31:05 INFO  : 'con' command is executed.
20:31:05 INFO  : ----------------XSDB Script (After Launch)----------------
targets -set -nocase -filter {name =~ "*A9*#0"}
con
----------------End of Script----------------

20:31:05 INFO  : Launch script is exported to file 'E:\USN_Education\VitisCode\BubbleSort\vitis\BubbleSortApplication_system\_ide\scripts\systemdebugger_bubblesortapplication_system_standalone.tcl'
20:39:01 INFO  : Result from executing command 'getProjects': BubbleSort_Platform
20:39:01 INFO  : Result from executing command 'getPlatforms': BubbleSort_Platform|E:/USN_Education/VitisCode/BubbleSort/vitis/BubbleSort_Platform/export/BubbleSort_Platform/BubbleSort_Platform.xpfm;xilinx_vck190_base_202220_1|D:/Software/Embeded/xilinx/Vitis/2022.2/base_platforms/xilinx_vck190_base_202220_1/xilinx_vck190_base_202220_1.xpfm;xilinx_vck190_base_dfx_202220_1|D:/Software/Embeded/xilinx/Vitis/2022.2/base_platforms/xilinx_vck190_base_dfx_202220_1/xilinx_vck190_base_dfx_202220_1.xpfm;xilinx_vmk180_base_202220_1|D:/Software/Embeded/xilinx/Vitis/2022.2/base_platforms/xilinx_vmk180_base_202220_1/xilinx_vmk180_base_202220_1.xpfm;xilinx_zcu102_base_202220_1|D:/Software/Embeded/xilinx/Vitis/2022.2/base_platforms/xilinx_zcu102_base_202220_1/xilinx_zcu102_base_202220_1.xpfm;xilinx_zcu102_base_dfx_202220_1|D:/Software/Embeded/xilinx/Vitis/2022.2/base_platforms/xilinx_zcu102_base_dfx_202220_1/xilinx_zcu102_base_dfx_202220_1.xpfm;xilinx_zcu104_base_202220_1|D:/Software/Embeded/xilinx/Vitis/2022.2/base_platforms/xilinx_zcu104_base_202220_1/xilinx_zcu104_base_202220_1.xpfm
20:39:01 INFO  : Checking for BSP changes to sync application flags for project 'BubbleSortApplication'...
20:39:44 INFO  : Disconnected from the channel tcfchan#7.
20:39:44 INFO  : Connected to target on host '127.0.0.1' and port '3121'.
20:39:44 INFO  : Jtag cable 'Digilent Zybo 210279652014A' is selected.
20:39:44 INFO  : 'jtag frequency' command is executed.
20:39:44 INFO  : Context for 'APU' is selected.
20:39:44 INFO  : System reset is completed.
20:39:47 INFO  : 'after 3000' command is executed.
20:39:47 INFO  : 'targets -set -filter {jtag_cable_name =~ "Digilent Zybo 210279652014A" && level==0 && jtag_device_ctx=="jsn-Zybo-210279652014A-13722093-0"}' command is executed.
20:39:48 INFO  : Device configured successfully with "E:/USN_Education/VitisCode/BubbleSort/vitis/BubbleSortApplication/_ide/bitstream/bubble_Sort_Design_wrapper.bit"
20:39:48 INFO  : Context for 'APU' is selected.
20:39:48 INFO  : Hardware design and registers information is loaded from 'E:/USN_Education/VitisCode/BubbleSort/vitis/BubbleSort_Platform/export/BubbleSort_Platform/hw/bubble_Sort_Design_wrapper.xsa'.
20:39:48 INFO  : 'configparams force-mem-access 1' command is executed.
20:39:48 INFO  : Context for 'APU' is selected.
20:39:48 INFO  : Sourcing of 'E:/USN_Education/VitisCode/BubbleSort/vitis/BubbleSortApplication/_ide/psinit/ps7_init.tcl' is done.
20:39:49 INFO  : 'ps7_init' command is executed.
20:39:49 INFO  : 'ps7_post_config' command is executed.
20:39:49 INFO  : Context for processor 'ps7_cortexa9_0' is selected.
20:39:49 INFO  : The application 'E:/USN_Education/VitisCode/BubbleSort/vitis/BubbleSortApplication/Debug/BubbleSortApplication.elf' is downloaded to processor 'ps7_cortexa9_0'.
20:39:49 INFO  : 'configparams force-mem-access 0' command is executed.
20:39:49 INFO  : ----------------XSDB Script----------------
connect -url tcp:127.0.0.1:3121
targets -set -nocase -filter {name =~"APU*"}
rst -system
after 3000
targets -set -filter {jtag_cable_name =~ "Digilent Zybo 210279652014A" && level==0 && jtag_device_ctx=="jsn-Zybo-210279652014A-13722093-0"}
fpga -file E:/USN_Education/VitisCode/BubbleSort/vitis/BubbleSortApplication/_ide/bitstream/bubble_Sort_Design_wrapper.bit
targets -set -nocase -filter {name =~"APU*"}
loadhw -hw E:/USN_Education/VitisCode/BubbleSort/vitis/BubbleSort_Platform/export/BubbleSort_Platform/hw/bubble_Sort_Design_wrapper.xsa -mem-ranges [list {0x40000000 0xbfffffff}] -regs
configparams force-mem-access 1
targets -set -nocase -filter {name =~"APU*"}
source E:/USN_Education/VitisCode/BubbleSort/vitis/BubbleSortApplication/_ide/psinit/ps7_init.tcl
ps7_init
ps7_post_config
targets -set -nocase -filter {name =~ "*A9*#0"}
dow E:/USN_Education/VitisCode/BubbleSort/vitis/BubbleSortApplication/Debug/BubbleSortApplication.elf
configparams force-mem-access 0
----------------End of Script----------------

20:39:49 INFO  : Context for processor 'ps7_cortexa9_0' is selected.
20:39:49 INFO  : 'con' command is executed.
20:39:49 INFO  : ----------------XSDB Script (After Launch)----------------
targets -set -nocase -filter {name =~ "*A9*#0"}
con
----------------End of Script----------------

20:39:49 INFO  : Launch script is exported to file 'E:\USN_Education\VitisCode\BubbleSort\vitis\BubbleSortApplication_system\_ide\scripts\systemdebugger_bubblesortapplication_system_standalone.tcl'
20:40:35 INFO  : Checking for BSP changes to sync application flags for project 'BubbleSortApplication'...
20:41:28 INFO  : Disconnected from the channel tcfchan#10.
20:41:28 INFO  : Connected to target on host '127.0.0.1' and port '3121'.
20:41:28 INFO  : Jtag cable 'Digilent Zybo 210279652014A' is selected.
20:41:28 INFO  : 'jtag frequency' command is executed.
20:41:28 INFO  : Context for 'APU' is selected.
20:41:28 INFO  : System reset is completed.
20:41:31 INFO  : 'after 3000' command is executed.
20:41:31 INFO  : 'targets -set -filter {jtag_cable_name =~ "Digilent Zybo 210279652014A" && level==0 && jtag_device_ctx=="jsn-Zybo-210279652014A-13722093-0"}' command is executed.
20:41:32 INFO  : Device configured successfully with "E:/USN_Education/VitisCode/BubbleSort/vitis/BubbleSortApplication/_ide/bitstream/bubble_Sort_Design_wrapper.bit"
20:41:32 INFO  : Context for 'APU' is selected.
20:41:32 INFO  : Hardware design and registers information is loaded from 'E:/USN_Education/VitisCode/BubbleSort/vitis/BubbleSort_Platform/export/BubbleSort_Platform/hw/bubble_Sort_Design_wrapper.xsa'.
20:41:32 INFO  : 'configparams force-mem-access 1' command is executed.
20:41:32 INFO  : Context for 'APU' is selected.
20:41:32 INFO  : Sourcing of 'E:/USN_Education/VitisCode/BubbleSort/vitis/BubbleSortApplication/_ide/psinit/ps7_init.tcl' is done.
20:41:32 INFO  : 'ps7_init' command is executed.
20:41:33 INFO  : 'ps7_post_config' command is executed.
20:41:33 INFO  : Context for processor 'ps7_cortexa9_0' is selected.
20:41:33 INFO  : The application 'E:/USN_Education/VitisCode/BubbleSort/vitis/BubbleSortApplication/Debug/BubbleSortApplication.elf' is downloaded to processor 'ps7_cortexa9_0'.
20:41:33 INFO  : 'configparams force-mem-access 0' command is executed.
20:41:33 INFO  : ----------------XSDB Script----------------
connect -url tcp:127.0.0.1:3121
targets -set -nocase -filter {name =~"APU*"}
rst -system
after 3000
targets -set -filter {jtag_cable_name =~ "Digilent Zybo 210279652014A" && level==0 && jtag_device_ctx=="jsn-Zybo-210279652014A-13722093-0"}
fpga -file E:/USN_Education/VitisCode/BubbleSort/vitis/BubbleSortApplication/_ide/bitstream/bubble_Sort_Design_wrapper.bit
targets -set -nocase -filter {name =~"APU*"}
loadhw -hw E:/USN_Education/VitisCode/BubbleSort/vitis/BubbleSort_Platform/export/BubbleSort_Platform/hw/bubble_Sort_Design_wrapper.xsa -mem-ranges [list {0x40000000 0xbfffffff}] -regs
configparams force-mem-access 1
targets -set -nocase -filter {name =~"APU*"}
source E:/USN_Education/VitisCode/BubbleSort/vitis/BubbleSortApplication/_ide/psinit/ps7_init.tcl
ps7_init
ps7_post_config
targets -set -nocase -filter {name =~ "*A9*#0"}
dow E:/USN_Education/VitisCode/BubbleSort/vitis/BubbleSortApplication/Debug/BubbleSortApplication.elf
configparams force-mem-access 0
----------------End of Script----------------

20:41:33 INFO  : Context for processor 'ps7_cortexa9_0' is selected.
20:41:33 INFO  : 'con' command is executed.
20:41:33 INFO  : ----------------XSDB Script (After Launch)----------------
targets -set -nocase -filter {name =~ "*A9*#0"}
con
----------------End of Script----------------

20:41:33 INFO  : Launch script is exported to file 'E:\USN_Education\VitisCode\BubbleSort\vitis\BubbleSortApplication_system\_ide\scripts\systemdebugger_bubblesortapplication_system_standalone.tcl'
20:42:25 INFO  : Checking for BSP changes to sync application flags for project 'BubbleSortApplication'...
20:42:38 INFO  : Disconnected from the channel tcfchan#12.
20:42:38 INFO  : Connected to target on host '127.0.0.1' and port '3121'.
20:42:39 INFO  : Jtag cable 'Digilent Zybo 210279652014A' is selected.
20:42:39 INFO  : 'jtag frequency' command is executed.
20:42:39 INFO  : Context for 'APU' is selected.
20:42:39 INFO  : System reset is completed.
20:42:42 INFO  : 'after 3000' command is executed.
20:42:42 INFO  : 'targets -set -filter {jtag_cable_name =~ "Digilent Zybo 210279652014A" && level==0 && jtag_device_ctx=="jsn-Zybo-210279652014A-13722093-0"}' command is executed.
20:42:43 INFO  : Device configured successfully with "E:/USN_Education/VitisCode/BubbleSort/vitis/BubbleSortApplication/_ide/bitstream/bubble_Sort_Design_wrapper.bit"
20:42:43 INFO  : Context for 'APU' is selected.
20:42:43 INFO  : Hardware design and registers information is loaded from 'E:/USN_Education/VitisCode/BubbleSort/vitis/BubbleSort_Platform/export/BubbleSort_Platform/hw/bubble_Sort_Design_wrapper.xsa'.
20:42:43 INFO  : 'configparams force-mem-access 1' command is executed.
20:42:43 INFO  : Context for 'APU' is selected.
20:42:43 INFO  : Sourcing of 'E:/USN_Education/VitisCode/BubbleSort/vitis/BubbleSortApplication/_ide/psinit/ps7_init.tcl' is done.
20:42:44 INFO  : 'ps7_init' command is executed.
20:42:44 INFO  : 'ps7_post_config' command is executed.
20:42:44 INFO  : Context for processor 'ps7_cortexa9_0' is selected.
20:42:44 INFO  : The application 'E:/USN_Education/VitisCode/BubbleSort/vitis/BubbleSortApplication/Debug/BubbleSortApplication.elf' is downloaded to processor 'ps7_cortexa9_0'.
20:42:44 INFO  : 'configparams force-mem-access 0' command is executed.
20:42:44 INFO  : ----------------XSDB Script----------------
connect -url tcp:127.0.0.1:3121
targets -set -nocase -filter {name =~"APU*"}
rst -system
after 3000
targets -set -filter {jtag_cable_name =~ "Digilent Zybo 210279652014A" && level==0 && jtag_device_ctx=="jsn-Zybo-210279652014A-13722093-0"}
fpga -file E:/USN_Education/VitisCode/BubbleSort/vitis/BubbleSortApplication/_ide/bitstream/bubble_Sort_Design_wrapper.bit
targets -set -nocase -filter {name =~"APU*"}
loadhw -hw E:/USN_Education/VitisCode/BubbleSort/vitis/BubbleSort_Platform/export/BubbleSort_Platform/hw/bubble_Sort_Design_wrapper.xsa -mem-ranges [list {0x40000000 0xbfffffff}] -regs
configparams force-mem-access 1
targets -set -nocase -filter {name =~"APU*"}
source E:/USN_Education/VitisCode/BubbleSort/vitis/BubbleSortApplication/_ide/psinit/ps7_init.tcl
ps7_init
ps7_post_config
targets -set -nocase -filter {name =~ "*A9*#0"}
dow E:/USN_Education/VitisCode/BubbleSort/vitis/BubbleSortApplication/Debug/BubbleSortApplication.elf
configparams force-mem-access 0
----------------End of Script----------------

20:42:44 INFO  : Context for processor 'ps7_cortexa9_0' is selected.
20:42:44 INFO  : 'con' command is executed.
20:42:44 INFO  : ----------------XSDB Script (After Launch)----------------
targets -set -nocase -filter {name =~ "*A9*#0"}
con
----------------End of Script----------------

20:42:44 INFO  : Launch script is exported to file 'E:\USN_Education\VitisCode\BubbleSort\vitis\BubbleSortApplication_system\_ide\scripts\systemdebugger_bubblesortapplication_system_standalone.tcl'
20:43:35 INFO  : Checking for BSP changes to sync application flags for project 'BubbleSortApplication'...
20:43:48 INFO  : Disconnected from the channel tcfchan#14.
20:43:48 INFO  : Connected to target on host '127.0.0.1' and port '3121'.
20:43:48 INFO  : Jtag cable 'Digilent Zybo 210279652014A' is selected.
20:43:48 INFO  : 'jtag frequency' command is executed.
20:43:48 INFO  : Context for 'APU' is selected.
20:43:48 INFO  : System reset is completed.
20:43:51 INFO  : 'after 3000' command is executed.
20:43:51 INFO  : 'targets -set -filter {jtag_cable_name =~ "Digilent Zybo 210279652014A" && level==0 && jtag_device_ctx=="jsn-Zybo-210279652014A-13722093-0"}' command is executed.
20:43:52 INFO  : Device configured successfully with "E:/USN_Education/VitisCode/BubbleSort/vitis/BubbleSortApplication/_ide/bitstream/bubble_Sort_Design_wrapper.bit"
20:43:53 INFO  : Context for 'APU' is selected.
20:43:53 INFO  : Hardware design and registers information is loaded from 'E:/USN_Education/VitisCode/BubbleSort/vitis/BubbleSort_Platform/export/BubbleSort_Platform/hw/bubble_Sort_Design_wrapper.xsa'.
20:43:53 INFO  : 'configparams force-mem-access 1' command is executed.
20:43:53 INFO  : Context for 'APU' is selected.
20:43:53 INFO  : Sourcing of 'E:/USN_Education/VitisCode/BubbleSort/vitis/BubbleSortApplication/_ide/psinit/ps7_init.tcl' is done.
20:43:53 INFO  : 'ps7_init' command is executed.
20:43:53 INFO  : 'ps7_post_config' command is executed.
20:43:53 INFO  : Context for processor 'ps7_cortexa9_0' is selected.
20:43:53 INFO  : The application 'E:/USN_Education/VitisCode/BubbleSort/vitis/BubbleSortApplication/Debug/BubbleSortApplication.elf' is downloaded to processor 'ps7_cortexa9_0'.
20:43:53 INFO  : 'configparams force-mem-access 0' command is executed.
20:43:53 INFO  : ----------------XSDB Script----------------
connect -url tcp:127.0.0.1:3121
targets -set -nocase -filter {name =~"APU*"}
rst -system
after 3000
targets -set -filter {jtag_cable_name =~ "Digilent Zybo 210279652014A" && level==0 && jtag_device_ctx=="jsn-Zybo-210279652014A-13722093-0"}
fpga -file E:/USN_Education/VitisCode/BubbleSort/vitis/BubbleSortApplication/_ide/bitstream/bubble_Sort_Design_wrapper.bit
targets -set -nocase -filter {name =~"APU*"}
loadhw -hw E:/USN_Education/VitisCode/BubbleSort/vitis/BubbleSort_Platform/export/BubbleSort_Platform/hw/bubble_Sort_Design_wrapper.xsa -mem-ranges [list {0x40000000 0xbfffffff}] -regs
configparams force-mem-access 1
targets -set -nocase -filter {name =~"APU*"}
source E:/USN_Education/VitisCode/BubbleSort/vitis/BubbleSortApplication/_ide/psinit/ps7_init.tcl
ps7_init
ps7_post_config
targets -set -nocase -filter {name =~ "*A9*#0"}
dow E:/USN_Education/VitisCode/BubbleSort/vitis/BubbleSortApplication/Debug/BubbleSortApplication.elf
configparams force-mem-access 0
----------------End of Script----------------

20:43:53 INFO  : Context for processor 'ps7_cortexa9_0' is selected.
20:43:53 INFO  : 'con' command is executed.
20:43:53 INFO  : ----------------XSDB Script (After Launch)----------------
targets -set -nocase -filter {name =~ "*A9*#0"}
con
----------------End of Script----------------

20:43:53 INFO  : Launch script is exported to file 'E:\USN_Education\VitisCode\BubbleSort\vitis\BubbleSortApplication_system\_ide\scripts\systemdebugger_bubblesortapplication_system_standalone.tcl'
20:45:22 INFO  : Checking for BSP changes to sync application flags for project 'BubbleSortApplication'...
20:45:39 INFO  : Disconnected from the channel tcfchan#16.
20:45:39 INFO  : Connected to target on host '127.0.0.1' and port '3121'.
20:45:39 INFO  : Jtag cable 'Digilent Zybo 210279652014A' is selected.
20:45:39 INFO  : 'jtag frequency' command is executed.
20:45:39 INFO  : Context for 'APU' is selected.
20:45:39 INFO  : System reset is completed.
20:45:42 INFO  : 'after 3000' command is executed.
20:45:42 INFO  : 'targets -set -filter {jtag_cable_name =~ "Digilent Zybo 210279652014A" && level==0 && jtag_device_ctx=="jsn-Zybo-210279652014A-13722093-0"}' command is executed.
20:45:44 INFO  : Device configured successfully with "E:/USN_Education/VitisCode/BubbleSort/vitis/BubbleSortApplication/_ide/bitstream/bubble_Sort_Design_wrapper.bit"
20:45:44 INFO  : Context for 'APU' is selected.
20:45:44 INFO  : Hardware design and registers information is loaded from 'E:/USN_Education/VitisCode/BubbleSort/vitis/BubbleSort_Platform/export/BubbleSort_Platform/hw/bubble_Sort_Design_wrapper.xsa'.
20:45:44 INFO  : 'configparams force-mem-access 1' command is executed.
20:45:44 INFO  : Context for 'APU' is selected.
20:45:44 INFO  : Sourcing of 'E:/USN_Education/VitisCode/BubbleSort/vitis/BubbleSortApplication/_ide/psinit/ps7_init.tcl' is done.
20:45:44 INFO  : 'ps7_init' command is executed.
20:45:44 INFO  : 'ps7_post_config' command is executed.
20:45:44 INFO  : Context for processor 'ps7_cortexa9_0' is selected.
20:45:44 INFO  : The application 'E:/USN_Education/VitisCode/BubbleSort/vitis/BubbleSortApplication/Debug/BubbleSortApplication.elf' is downloaded to processor 'ps7_cortexa9_0'.
20:45:44 INFO  : 'configparams force-mem-access 0' command is executed.
20:45:44 INFO  : ----------------XSDB Script----------------
connect -url tcp:127.0.0.1:3121
targets -set -nocase -filter {name =~"APU*"}
rst -system
after 3000
targets -set -filter {jtag_cable_name =~ "Digilent Zybo 210279652014A" && level==0 && jtag_device_ctx=="jsn-Zybo-210279652014A-13722093-0"}
fpga -file E:/USN_Education/VitisCode/BubbleSort/vitis/BubbleSortApplication/_ide/bitstream/bubble_Sort_Design_wrapper.bit
targets -set -nocase -filter {name =~"APU*"}
loadhw -hw E:/USN_Education/VitisCode/BubbleSort/vitis/BubbleSort_Platform/export/BubbleSort_Platform/hw/bubble_Sort_Design_wrapper.xsa -mem-ranges [list {0x40000000 0xbfffffff}] -regs
configparams force-mem-access 1
targets -set -nocase -filter {name =~"APU*"}
source E:/USN_Education/VitisCode/BubbleSort/vitis/BubbleSortApplication/_ide/psinit/ps7_init.tcl
ps7_init
ps7_post_config
targets -set -nocase -filter {name =~ "*A9*#0"}
dow E:/USN_Education/VitisCode/BubbleSort/vitis/BubbleSortApplication/Debug/BubbleSortApplication.elf
configparams force-mem-access 0
----------------End of Script----------------

20:45:44 INFO  : Context for processor 'ps7_cortexa9_0' is selected.
20:45:44 INFO  : 'con' command is executed.
20:45:44 INFO  : ----------------XSDB Script (After Launch)----------------
targets -set -nocase -filter {name =~ "*A9*#0"}
con
----------------End of Script----------------

20:45:44 INFO  : Launch script is exported to file 'E:\USN_Education\VitisCode\BubbleSort\vitis\BubbleSortApplication_system\_ide\scripts\systemdebugger_bubblesortapplication_system_standalone.tcl'
20:47:30 INFO  : Checking for BSP changes to sync application flags for project 'BubbleSortApplication'...
20:48:14 INFO  : Disconnected from the channel tcfchan#18.
20:48:14 INFO  : Connected to target on host '127.0.0.1' and port '3121'.
20:48:15 INFO  : Jtag cable 'Digilent Zybo 210279652014A' is selected.
20:48:15 INFO  : 'jtag frequency' command is executed.
20:48:15 INFO  : Context for 'APU' is selected.
20:48:15 INFO  : System reset is completed.
20:48:18 INFO  : 'after 3000' command is executed.
20:48:18 INFO  : 'targets -set -filter {jtag_cable_name =~ "Digilent Zybo 210279652014A" && level==0 && jtag_device_ctx=="jsn-Zybo-210279652014A-13722093-0"}' command is executed.
20:48:19 INFO  : Device configured successfully with "E:/USN_Education/VitisCode/BubbleSort/vitis/BubbleSortApplication/_ide/bitstream/bubble_Sort_Design_wrapper.bit"
20:48:19 INFO  : Context for 'APU' is selected.
20:48:19 INFO  : Hardware design and registers information is loaded from 'E:/USN_Education/VitisCode/BubbleSort/vitis/BubbleSort_Platform/export/BubbleSort_Platform/hw/bubble_Sort_Design_wrapper.xsa'.
20:48:19 INFO  : 'configparams force-mem-access 1' command is executed.
20:48:19 INFO  : Context for 'APU' is selected.
20:48:19 INFO  : Sourcing of 'E:/USN_Education/VitisCode/BubbleSort/vitis/BubbleSortApplication/_ide/psinit/ps7_init.tcl' is done.
20:48:20 INFO  : 'ps7_init' command is executed.
20:48:20 INFO  : 'ps7_post_config' command is executed.
20:48:20 INFO  : Context for processor 'ps7_cortexa9_0' is selected.
20:48:20 INFO  : The application 'E:/USN_Education/VitisCode/BubbleSort/vitis/BubbleSortApplication/Debug/BubbleSortApplication.elf' is downloaded to processor 'ps7_cortexa9_0'.
20:48:20 INFO  : 'configparams force-mem-access 0' command is executed.
20:48:20 INFO  : ----------------XSDB Script----------------
connect -url tcp:127.0.0.1:3121
targets -set -nocase -filter {name =~"APU*"}
rst -system
after 3000
targets -set -filter {jtag_cable_name =~ "Digilent Zybo 210279652014A" && level==0 && jtag_device_ctx=="jsn-Zybo-210279652014A-13722093-0"}
fpga -file E:/USN_Education/VitisCode/BubbleSort/vitis/BubbleSortApplication/_ide/bitstream/bubble_Sort_Design_wrapper.bit
targets -set -nocase -filter {name =~"APU*"}
loadhw -hw E:/USN_Education/VitisCode/BubbleSort/vitis/BubbleSort_Platform/export/BubbleSort_Platform/hw/bubble_Sort_Design_wrapper.xsa -mem-ranges [list {0x40000000 0xbfffffff}] -regs
configparams force-mem-access 1
targets -set -nocase -filter {name =~"APU*"}
source E:/USN_Education/VitisCode/BubbleSort/vitis/BubbleSortApplication/_ide/psinit/ps7_init.tcl
ps7_init
ps7_post_config
targets -set -nocase -filter {name =~ "*A9*#0"}
dow E:/USN_Education/VitisCode/BubbleSort/vitis/BubbleSortApplication/Debug/BubbleSortApplication.elf
configparams force-mem-access 0
----------------End of Script----------------

20:48:20 INFO  : Context for processor 'ps7_cortexa9_0' is selected.
20:48:20 INFO  : 'con' command is executed.
20:48:20 INFO  : ----------------XSDB Script (After Launch)----------------
targets -set -nocase -filter {name =~ "*A9*#0"}
con
----------------End of Script----------------

20:48:20 INFO  : Launch script is exported to file 'E:\USN_Education\VitisCode\BubbleSort\vitis\BubbleSortApplication_system\_ide\scripts\systemdebugger_bubblesortapplication_system_standalone.tcl'
20:50:38 INFO  : Checking for BSP changes to sync application flags for project 'BubbleSortApplication'...
20:51:17 INFO  : Checking for BSP changes to sync application flags for project 'BubbleSortApplication'...
20:51:36 INFO  : Disconnected from the channel tcfchan#20.
20:51:37 INFO  : Connected to target on host '127.0.0.1' and port '3121'.
20:51:37 INFO  : Jtag cable 'Digilent Zybo 210279652014A' is selected.
20:51:37 INFO  : 'jtag frequency' command is executed.
20:51:37 INFO  : Context for 'APU' is selected.
20:51:37 INFO  : System reset is completed.
20:51:40 INFO  : 'after 3000' command is executed.
20:51:40 INFO  : 'targets -set -filter {jtag_cable_name =~ "Digilent Zybo 210279652014A" && level==0 && jtag_device_ctx=="jsn-Zybo-210279652014A-13722093-0"}' command is executed.
20:51:41 INFO  : Device configured successfully with "E:/USN_Education/VitisCode/BubbleSort/vitis/BubbleSortApplication/_ide/bitstream/bubble_Sort_Design_wrapper.bit"
20:51:41 INFO  : Context for 'APU' is selected.
20:51:42 INFO  : Hardware design and registers information is loaded from 'E:/USN_Education/VitisCode/BubbleSort/vitis/BubbleSort_Platform/export/BubbleSort_Platform/hw/bubble_Sort_Design_wrapper.xsa'.
20:51:42 INFO  : 'configparams force-mem-access 1' command is executed.
20:51:42 INFO  : Context for 'APU' is selected.
20:51:42 INFO  : Sourcing of 'E:/USN_Education/VitisCode/BubbleSort/vitis/BubbleSortApplication/_ide/psinit/ps7_init.tcl' is done.
20:51:42 INFO  : 'ps7_init' command is executed.
20:51:42 INFO  : 'ps7_post_config' command is executed.
20:51:42 INFO  : Context for processor 'ps7_cortexa9_0' is selected.
20:51:42 INFO  : The application 'E:/USN_Education/VitisCode/BubbleSort/vitis/BubbleSortApplication/Debug/BubbleSortApplication.elf' is downloaded to processor 'ps7_cortexa9_0'.
20:51:42 INFO  : 'configparams force-mem-access 0' command is executed.
20:51:42 INFO  : ----------------XSDB Script----------------
connect -url tcp:127.0.0.1:3121
targets -set -nocase -filter {name =~"APU*"}
rst -system
after 3000
targets -set -filter {jtag_cable_name =~ "Digilent Zybo 210279652014A" && level==0 && jtag_device_ctx=="jsn-Zybo-210279652014A-13722093-0"}
fpga -file E:/USN_Education/VitisCode/BubbleSort/vitis/BubbleSortApplication/_ide/bitstream/bubble_Sort_Design_wrapper.bit
targets -set -nocase -filter {name =~"APU*"}
loadhw -hw E:/USN_Education/VitisCode/BubbleSort/vitis/BubbleSort_Platform/export/BubbleSort_Platform/hw/bubble_Sort_Design_wrapper.xsa -mem-ranges [list {0x40000000 0xbfffffff}] -regs
configparams force-mem-access 1
targets -set -nocase -filter {name =~"APU*"}
source E:/USN_Education/VitisCode/BubbleSort/vitis/BubbleSortApplication/_ide/psinit/ps7_init.tcl
ps7_init
ps7_post_config
targets -set -nocase -filter {name =~ "*A9*#0"}
dow E:/USN_Education/VitisCode/BubbleSort/vitis/BubbleSortApplication/Debug/BubbleSortApplication.elf
configparams force-mem-access 0
----------------End of Script----------------

20:51:42 INFO  : Context for processor 'ps7_cortexa9_0' is selected.
20:51:42 INFO  : 'con' command is executed.
20:51:42 INFO  : ----------------XSDB Script (After Launch)----------------
targets -set -nocase -filter {name =~ "*A9*#0"}
con
----------------End of Script----------------

20:51:42 INFO  : Launch script is exported to file 'E:\USN_Education\VitisCode\BubbleSort\vitis\BubbleSortApplication_system\_ide\scripts\systemdebugger_bubblesortapplication_system_standalone.tcl'
20:55:29 INFO  : Checking for BSP changes to sync application flags for project 'BubbleSortApplication'...
20:57:15 INFO  : Checking for BSP changes to sync application flags for project 'BubbleSortApplication'...
20:57:33 INFO  : Disconnected from the channel tcfchan#22.
20:57:33 INFO  : Connected to target on host '127.0.0.1' and port '3121'.
20:57:33 INFO  : Jtag cable 'Digilent Zybo 210279652014A' is selected.
20:57:33 INFO  : 'jtag frequency' command is executed.
20:57:34 INFO  : Context for 'APU' is selected.
20:57:34 INFO  : System reset is completed.
20:57:37 INFO  : 'after 3000' command is executed.
20:57:37 INFO  : 'targets -set -filter {jtag_cable_name =~ "Digilent Zybo 210279652014A" && level==0 && jtag_device_ctx=="jsn-Zybo-210279652014A-13722093-0"}' command is executed.
20:57:38 INFO  : Device configured successfully with "E:/USN_Education/VitisCode/BubbleSort/vitis/BubbleSortApplication/_ide/bitstream/bubble_Sort_Design_wrapper.bit"
20:57:38 INFO  : Context for 'APU' is selected.
20:57:38 INFO  : Hardware design and registers information is loaded from 'E:/USN_Education/VitisCode/BubbleSort/vitis/BubbleSort_Platform/export/BubbleSort_Platform/hw/bubble_Sort_Design_wrapper.xsa'.
20:57:38 INFO  : 'configparams force-mem-access 1' command is executed.
20:57:38 INFO  : Context for 'APU' is selected.
20:57:38 INFO  : Sourcing of 'E:/USN_Education/VitisCode/BubbleSort/vitis/BubbleSortApplication/_ide/psinit/ps7_init.tcl' is done.
20:57:39 INFO  : 'ps7_init' command is executed.
20:57:39 INFO  : 'ps7_post_config' command is executed.
20:57:39 INFO  : Context for processor 'ps7_cortexa9_0' is selected.
20:57:39 INFO  : The application 'E:/USN_Education/VitisCode/BubbleSort/vitis/BubbleSortApplication/Debug/BubbleSortApplication.elf' is downloaded to processor 'ps7_cortexa9_0'.
20:57:39 INFO  : 'configparams force-mem-access 0' command is executed.
20:57:39 INFO  : ----------------XSDB Script----------------
connect -url tcp:127.0.0.1:3121
targets -set -nocase -filter {name =~"APU*"}
rst -system
after 3000
targets -set -filter {jtag_cable_name =~ "Digilent Zybo 210279652014A" && level==0 && jtag_device_ctx=="jsn-Zybo-210279652014A-13722093-0"}
fpga -file E:/USN_Education/VitisCode/BubbleSort/vitis/BubbleSortApplication/_ide/bitstream/bubble_Sort_Design_wrapper.bit
targets -set -nocase -filter {name =~"APU*"}
loadhw -hw E:/USN_Education/VitisCode/BubbleSort/vitis/BubbleSort_Platform/export/BubbleSort_Platform/hw/bubble_Sort_Design_wrapper.xsa -mem-ranges [list {0x40000000 0xbfffffff}] -regs
configparams force-mem-access 1
targets -set -nocase -filter {name =~"APU*"}
source E:/USN_Education/VitisCode/BubbleSort/vitis/BubbleSortApplication/_ide/psinit/ps7_init.tcl
ps7_init
ps7_post_config
targets -set -nocase -filter {name =~ "*A9*#0"}
dow E:/USN_Education/VitisCode/BubbleSort/vitis/BubbleSortApplication/Debug/BubbleSortApplication.elf
configparams force-mem-access 0
----------------End of Script----------------

20:57:39 INFO  : Context for processor 'ps7_cortexa9_0' is selected.
20:57:39 INFO  : 'con' command is executed.
20:57:39 INFO  : ----------------XSDB Script (After Launch)----------------
targets -set -nocase -filter {name =~ "*A9*#0"}
con
----------------End of Script----------------

20:57:39 INFO  : Launch script is exported to file 'E:\USN_Education\VitisCode\BubbleSort\vitis\BubbleSortApplication_system\_ide\scripts\systemdebugger_bubblesortapplication_system_standalone.tcl'
20:58:21 INFO  : Checking for BSP changes to sync application flags for project 'BubbleSortApplication'...
20:58:55 INFO  : Disconnected from the channel tcfchan#24.
20:58:55 INFO  : Connected to target on host '127.0.0.1' and port '3121'.
20:58:55 INFO  : Jtag cable 'Digilent Zybo 210279652014A' is selected.
20:58:55 INFO  : 'jtag frequency' command is executed.
20:58:55 INFO  : Context for 'APU' is selected.
20:58:56 INFO  : System reset is completed.
20:58:59 INFO  : 'after 3000' command is executed.
20:58:59 INFO  : 'targets -set -filter {jtag_cable_name =~ "Digilent Zybo 210279652014A" && level==0 && jtag_device_ctx=="jsn-Zybo-210279652014A-13722093-0"}' command is executed.
20:59:00 INFO  : Device configured successfully with "E:/USN_Education/VitisCode/BubbleSort/vitis/BubbleSortApplication/_ide/bitstream/bubble_Sort_Design_wrapper.bit"
20:59:00 INFO  : Context for 'APU' is selected.
20:59:00 INFO  : Hardware design and registers information is loaded from 'E:/USN_Education/VitisCode/BubbleSort/vitis/BubbleSort_Platform/export/BubbleSort_Platform/hw/bubble_Sort_Design_wrapper.xsa'.
20:59:00 INFO  : 'configparams force-mem-access 1' command is executed.
20:59:00 INFO  : Context for 'APU' is selected.
20:59:00 INFO  : Sourcing of 'E:/USN_Education/VitisCode/BubbleSort/vitis/BubbleSortApplication/_ide/psinit/ps7_init.tcl' is done.
20:59:00 INFO  : 'ps7_init' command is executed.
20:59:01 INFO  : 'ps7_post_config' command is executed.
20:59:01 INFO  : Context for processor 'ps7_cortexa9_0' is selected.
20:59:01 INFO  : The application 'E:/USN_Education/VitisCode/BubbleSort/vitis/BubbleSortApplication/Debug/BubbleSortApplication.elf' is downloaded to processor 'ps7_cortexa9_0'.
20:59:01 INFO  : 'configparams force-mem-access 0' command is executed.
20:59:01 INFO  : ----------------XSDB Script----------------
connect -url tcp:127.0.0.1:3121
targets -set -nocase -filter {name =~"APU*"}
rst -system
after 3000
targets -set -filter {jtag_cable_name =~ "Digilent Zybo 210279652014A" && level==0 && jtag_device_ctx=="jsn-Zybo-210279652014A-13722093-0"}
fpga -file E:/USN_Education/VitisCode/BubbleSort/vitis/BubbleSortApplication/_ide/bitstream/bubble_Sort_Design_wrapper.bit
targets -set -nocase -filter {name =~"APU*"}
loadhw -hw E:/USN_Education/VitisCode/BubbleSort/vitis/BubbleSort_Platform/export/BubbleSort_Platform/hw/bubble_Sort_Design_wrapper.xsa -mem-ranges [list {0x40000000 0xbfffffff}] -regs
configparams force-mem-access 1
targets -set -nocase -filter {name =~"APU*"}
source E:/USN_Education/VitisCode/BubbleSort/vitis/BubbleSortApplication/_ide/psinit/ps7_init.tcl
ps7_init
ps7_post_config
targets -set -nocase -filter {name =~ "*A9*#0"}
dow E:/USN_Education/VitisCode/BubbleSort/vitis/BubbleSortApplication/Debug/BubbleSortApplication.elf
configparams force-mem-access 0
----------------End of Script----------------

20:59:01 INFO  : Context for processor 'ps7_cortexa9_0' is selected.
20:59:01 INFO  : 'con' command is executed.
20:59:01 INFO  : ----------------XSDB Script (After Launch)----------------
targets -set -nocase -filter {name =~ "*A9*#0"}
con
----------------End of Script----------------

20:59:01 INFO  : Launch script is exported to file 'E:\USN_Education\VitisCode\BubbleSort\vitis\BubbleSortApplication_system\_ide\scripts\systemdebugger_bubblesortapplication_system_standalone.tcl'
21:32:01 INFO  : Checking for BSP changes to sync application flags for project 'BubbleSortApplication'...
21:33:06 INFO  : Disconnected from the channel tcfchan#26.
21:40:32 DEBUG : Logs will be stored at 'E:/USN_Education/VitisCode/BubbleSort/vitis/IDE.log'.
21:40:33 INFO  : Launching XSCT server: xsct.bat -n  -interactive E:\USN_Education\VitisCode\BubbleSort\vitis\temp_xsdb_launch_script.tcl
21:40:34 INFO  : Registering command handlers for Vitis TCF services
21:40:35 INFO  : XSCT server has started successfully.
21:40:35 INFO  : plnx-install-location is set to ''
21:40:35 INFO  : Successfully done setting XSCT server connection channel  
21:40:35 INFO  : Successfully done query RDI_DATADIR 
21:40:35 INFO  : Successfully done setting workspace for the tool. 
21:40:35 INFO  : Platform repository initialization has completed.
